#
# There is insufficient memory for the Java Runtime Environment to continue.
# Native memory allocation (malloc) failed to allocate 1048576 bytes for AllocateHeap
# Possible reasons:
#   The system is out of physical RAM or swap space
#   The process is running with CompressedOops enabled, and the Java Heap may be blocking the growth of the native heap
# Possible solutions:
#   Reduce memory load on the system
#   Increase physical memory or swap space
#   Check if swap backing store is full
#   Decrease Java heap size (-Xmx/-Xms)
#   Decrease number of Java threads
#   Decrease Java thread stack sizes (-Xss)
#   Set larger code cache with -XX:ReservedCodeCacheSize=
#   JVM is running with Unscaled Compressed Oops mode in which the Java heap is
#     placed in the first 4GB address space. The Java Heap base address is the
#     maximum limit for the native heap growth. Please use -XX:HeapBaseMinAddress
#     to set the Java Heap base and to place the Java Heap above 4GB virtual address.
# This output file may be truncated or incomplete.
#
#  Out of Memory Error (allocation.cpp:44), pid=22436, tid=11648
#
# JRE version: Java(TM) SE Runtime Environment (17.0.12+8) (build 17.0.12+8-LTS-286)
# Java VM: Java HotSpot(TM) 64-Bit Server VM (17.0.12+8-LTS-286, mixed mode, sharing, tiered, compressed oops, compressed class ptrs, g1 gc, windows-amd64)
# No core dump will be written. Minidumps are not enabled by default on client versions of Windows
#

---------------  S U M M A R Y ------------

Command Line: -javaagent:C:\Program Files\JetBrains\IntelliJ IDEA 2025.3.4\lib\idea_rt.jar=58689 -Dfile.encoding=UTF-8 dev.muthukumar.ai_crm.AiCrmApplication

Host: 11th Gen Intel(R) Core(TM) i5-1155G7 @ 2.50GHz, 8 cores, 3G,  Windows 11 , 64 bit Build 26100 (10.0.26100.7920)
Time: Sat Mar 28 10:06:17 2026 India Standard Time elapsed time: 2987.177594 seconds (0d 0h 49m 47s)

---------------  T H R E A D  ---------------

Current thread (0x000001995cf9b300):  VMThread "VM Thread" [stack: 0x00000002a2d00000,0x00000002a2e00000] [id=11648]

Stack: [0x00000002a2d00000,0x00000002a2e00000]
Native frames: (J=compiled Java code, j=interpreted, Vv=VM code, C=native code)
V  [jvm.dll+0x67a04a]
V  [jvm.dll+0x7da4ed]
V  [jvm.dll+0x7dbe33]
V  [jvm.dll+0x7dc4a3]
V  [jvm.dll+0x24508f]
V  [jvm.dll+0xa5e2b]
V  [jvm.dll+0x2f31c3]
V  [jvm.dll+0x2ef140]
V  [jvm.dll+0x2d78d7]
V  [jvm.dll+0x31a6f7]
V  [jvm.dll+0x7e0d9b]
V  [jvm.dll+0x7e1ad4]
V  [jvm.dll+0x7e1fed]
V  [jvm.dll+0x7e23c4]
V  [jvm.dll+0x7e2490]
V  [jvm.dll+0x78abea]
V  [jvm.dll+0x678f35]
C  [ucrtbase.dll+0x37b0]
C  [KERNEL32.DLL+0x2e8d7]
C  [ntdll.dll+0x8c48c]

VM_Operation (0x00000002a40feff0): G1CollectFull, mode: safepoint, requested by thread 0x000001995d333160


---------------  P R O C E S S  ---------------

Threads class SMR info:
_java_thread_list=0x00000199a6545f90, length=15, elements={
0x000001995cfa1550, 0x000001995cfa28b0, 0x000001995cfb65b0, 0x000001995cfb6f70,
0x000001995cfb7930, 0x000001995cfb8a90, 0x000001995cfb9fd0, 0x000001995cfc2740,
0x000001995cfd1930, 0x000001995cf8b4b0, 0x000001995d297f30, 0x000001995d298410,
0x00000199a35b2830, 0x000001995d331300, 0x000001995d333160
}

Java Threads: ( => current thread )
  0x000001995cfa1550 JavaThread "Reference Handler" daemon [_thread_blocked, id=24124, stack(0x00000002a2e00000,0x00000002a2f00000)]
  0x000001995cfa28b0 JavaThread "Finalizer" daemon [_thread_blocked, id=20068, stack(0x00000002a2f00000,0x00000002a3000000)]
  0x000001995cfb65b0 JavaThread "Signal Dispatcher" daemon [_thread_blocked, id=7628, stack(0x00000002a3000000,0x00000002a3100000)]
  0x000001995cfb6f70 JavaThread "Attach Listener" daemon [_thread_blocked, id=4872, stack(0x00000002a3100000,0x00000002a3200000)]
  0x000001995cfb7930 JavaThread "Service Thread" daemon [_thread_blocked, id=7960, stack(0x00000002a3200000,0x00000002a3300000)]
  0x000001995cfb8a90 JavaThread "Monitor Deflation Thread" daemon [_thread_blocked, id=10788, stack(0x00000002a3300000,0x00000002a3400000)]
  0x000001995cfb9fd0 JavaThread "C2 CompilerThread0" daemon [_thread_blocked, id=24276, stack(0x00000002a3400000,0x00000002a3500000)]
  0x000001995cfc2740 JavaThread "C1 CompilerThread0" daemon [_thread_blocked, id=5908, stack(0x00000002a3500000,0x00000002a3600000)]
  0x000001995cfd1930 JavaThread "Sweeper thread" daemon [_thread_blocked, id=13860, stack(0x00000002a3600000,0x00000002a3700000)]
  0x000001995cf8b4b0 JavaThread "Common-Cleaner" daemon [_thread_blocked, id=19872, stack(0x00000002a3700000,0x00000002a3800000)]
  0x000001995d297f30 JavaThread "Monitor Ctrl-Break" daemon [_thread_in_native, id=7196, stack(0x00000002a3800000,0x00000002a3900000)]
  0x000001995d298410 JavaThread "Notification Thread" daemon [_thread_blocked, id=4680, stack(0x00000002a3900000,0x00000002a3a00000)]
  0x00000199a35b2830 JavaThread "PostgreSQL-JDBC-Cleaner" daemon [_thread_blocked, id=24200, stack(0x00000002a4900000,0x00000002a4a00000)]
  0x000001995d331300 JavaThread "DestroyJavaVM" [_thread_blocked, id=12808, stack(0x00000002a2700000,0x00000002a2800000)]
  0x000001995d333160 JavaThread "Thread-1" [_thread_blocked, id=3352, stack(0x00000002a4000000,0x00000002a4100000)]

Other Threads:
=>0x000001995cf9b300 VMThread "VM Thread" [stack: 0x00000002a2d00000,0x00000002a2e00000] [id=11648]
  0x000001995d2988f0 WatcherThread [stack: 0x00000002a3a00000,0x00000002a3b00000] [id=3660]
  0x000001993f9fdac0 GCTaskThread "GC Thread#0" [stack: 0x00000002a2800000,0x00000002a2900000] [id=10580]
  0x00000199a3098470 GCTaskThread "GC Thread#1" [stack: 0x00000002a3b00000,0x00000002a3c00000] [id=7560]
  0x000001995dd2d400 GCTaskThread "GC Thread#2" [stack: 0x00000002a3c00000,0x00000002a3d00000] [id=20100]
  0x00000199a327b480 GCTaskThread "GC Thread#3" [stack: 0x00000002a3d00000,0x00000002a3e00000] [id=13424]
  0x000001995dd12ba0 GCTaskThread "GC Thread#4" [stack: 0x00000002a3e00000,0x00000002a3f00000] [id=1056]
  0x000001995dcfaf10 GCTaskThread "GC Thread#5" [stack: 0x00000002a3f00000,0x00000002a4000000] [id=5960]
  0x00000199a31d0920 GCTaskThread "GC Thread#6" [stack: 0x00000002a4300000,0x00000002a4400000] [id=21052]
  0x00000199a3e2f700 GCTaskThread "GC Thread#7" [stack: 0x00000002a4400000,0x00000002a4500000] [id=7836]
  0x000001993fa05f10 ConcurrentGCThread "G1 Main Marker" [stack: 0x00000002a2900000,0x00000002a2a00000] [id=19960]
  0x000001993fa075f0 ConcurrentGCThread "G1 Conc#0" [stack: 0x00000002a2a00000,0x00000002a2b00000] [id=19004]
  0x00000199a3d76ec0 ConcurrentGCThread "G1 Conc#1" [stack: 0x00000002a4500000,0x00000002a4600000] [id=1336]
  0x000001995ce52490 ConcurrentGCThread "G1 Refine#0" [stack: 0x00000002a2b00000,0x00000002a2c00000] [id=22048]
  0x00000199a43fce70 ConcurrentGCThread "G1 Refine#1" [stack: 0x00000002a2400000,0x00000002a2500000] [id=22764]
  0x000001995ce53d70 ConcurrentGCThread "G1 Service" [stack: 0x00000002a2c00000,0x00000002a2d00000] [id=23196]

Threads with active compile tasks:
C2 CompilerThread0  2987342 12408   !   4       org.springframework.util.ConcurrentReferenceHashMap$Segment::clear (69 bytes)
C1 CompilerThread0  2987342 12407  s    3       org.apache.catalina.util.LifecycleBase::setStateInternal (144 bytes)

VM state: at safepoint (normal execution)

VM Mutex/Monitor currently owned by a thread:  ([mutex/lock_event])
[0x000001993f9bdea0] Threads_lock - owner thread: 0x000001995cf9b300
[0x000001993f9bd3f0] Heap_lock - owner thread: 0x000001995d333160

Heap address: 0x00000000c5800000, size: 936 MB, Compressed Oops mode: 32-bit

CDS archive(s) mapped at: [0x000001995e000000-0x000001995ebd0000-0x000001995ebd0000), size 12386304, SharedBaseAddress: 0x000001995e000000, ArchiveRelocationMode: 1.
Compressed class space mapped at: 0x000001995f000000-0x000001999f000000, reserved size: 1073741824
Narrow klass base: 0x000001995e000000, Narrow klass shift: 0, Narrow klass range: 0x100000000

GC Precious Log:
 CPUs: 8 total, 8 available
 Memory: 3738M
 Large Page Support: Disabled
 NUMA Support: Disabled
 Compressed Oops: Enabled (32-bit)
 Heap Region Size: 1M
 Heap Min Capacity: 8M
 Heap Initial Capacity: 60M
 Heap Max Capacity: 936M
 Pre-touch: Disabled
 Parallel Workers: 8
 Concurrent Workers: 2
 Concurrent Refinement Workers: 8
 Periodic GC: Disabled

Heap:
 garbage-first heap   total 326656K, used 149292K [0x00000000c5800000, 0x0000000100000000)
  region size 1024K, 82 young (83968K), 1 survivors (1024K)
 Metaspace       used 100008K, committed 100736K, reserved 1179648K
  class space    used 13806K, committed 14144K, reserved 1048576K

Heap Regions: E=young(eden), S=young(survivor), O=old, HS=humongous(starts), HC=humongous(continues), CS=collection set, F=free, OA=open archive, CA=closed archive, TAMS=top-at-mark-start (previous, next)
|   0|0x00000000c5800000, 0x00000000c5900000, 0x00000000c5900000|100%|HS|  |TAMS 0x00000000c5900000, 0x00000000c5800000| Complete 
|   1|0x00000000c5900000, 0x00000000c5a00000, 0x00000000c5a00000|100%|HS|  |TAMS 0x00000000c5a00000, 0x00000000c5900000| Complete 
|   2|0x00000000c5a00000, 0x00000000c5b00000, 0x00000000c5b00000|100%| O|  |TAMS 0x00000000c5b00000, 0x00000000c5a00000| Untracked 
|   3|0x00000000c5b00000, 0x00000000c5c00000, 0x00000000c5c00000|100%| O|  |TAMS 0x00000000c5c00000, 0x00000000c5b00000| Untracked 
|   4|0x00000000c5c00000, 0x00000000c5d00000, 0x00000000c5d00000|100%| O|  |TAMS 0x00000000c5d00000, 0x00000000c5c00000| Untracked 
|   5|0x00000000c5d00000, 0x00000000c5e00000, 0x00000000c5e00000|100%| O|  |TAMS 0x00000000c5e00000, 0x00000000c5d00000| Untracked 
|   6|0x00000000c5e00000, 0x00000000c5f00000, 0x00000000c5f00000|100%| O|  |TAMS 0x00000000c5f00000, 0x00000000c5e00000| Untracked 
|   7|0x00000000c5f00000, 0x00000000c6000000, 0x00000000c6000000|100%| O|  |TAMS 0x00000000c6000000, 0x00000000c5f00000| Untracked 
|   8|0x00000000c6000000, 0x00000000c6100000, 0x00000000c6100000|100%| O|  |TAMS 0x00000000c6100000, 0x00000000c6000000| Untracked 
|   9|0x00000000c6100000, 0x00000000c61a6400, 0x00000000c6200000| 64%| O|  |TAMS 0x00000000c61a6400, 0x00000000c6100000| Untracked 
|  10|0x00000000c6200000, 0x00000000c6300000, 0x00000000c6300000|100%| O|  |TAMS 0x00000000c6300000, 0x00000000c6200000| Untracked 
|  11|0x00000000c6300000, 0x00000000c6400000, 0x00000000c6400000|100%| O|  |TAMS 0x00000000c6400000, 0x00000000c6300000| Untracked 
|  12|0x00000000c6400000, 0x00000000c6500000, 0x00000000c6500000|100%| O|  |TAMS 0x00000000c6500000, 0x00000000c6400000| Untracked 
|  13|0x00000000c6500000, 0x00000000c6600000, 0x00000000c6600000|100%| O|  |TAMS 0x00000000c6600000, 0x00000000c6500000| Untracked 
|  14|0x00000000c6600000, 0x00000000c6700000, 0x00000000c6700000|100%| O|  |TAMS 0x00000000c6700000, 0x00000000c6600000| Untracked 
|  15|0x00000000c6700000, 0x00000000c6800000, 0x00000000c6800000|100%| O|  |TAMS 0x00000000c6800000, 0x00000000c6700000| Untracked 
|  16|0x00000000c6800000, 0x00000000c6900000, 0x00000000c6900000|100%| O|  |TAMS 0x00000000c6900000, 0x00000000c6800000| Untracked 
|  17|0x00000000c6900000, 0x00000000c6a00000, 0x00000000c6a00000|100%| O|  |TAMS 0x00000000c6a00000, 0x00000000c6900000| Untracked 
|  18|0x00000000c6a00000, 0x00000000c6b00000, 0x00000000c6b00000|100%| O|  |TAMS 0x00000000c6b00000, 0x00000000c6a00000| Untracked 
|  19|0x00000000c6b00000, 0x00000000c6c00000, 0x00000000c6c00000|100%| O|  |TAMS 0x00000000c6c00000, 0x00000000c6b00000| Untracked 
|  20|0x00000000c6c00000, 0x00000000c6d00000, 0x00000000c6d00000|100%| O|  |TAMS 0x00000000c6d00000, 0x00000000c6c00000| Untracked 
|  21|0x00000000c6d00000, 0x00000000c6e00000, 0x00000000c6e00000|100%| O|  |TAMS 0x00000000c6e00000, 0x00000000c6d00000| Untracked 
|  22|0x00000000c6e00000, 0x00000000c6f00000, 0x00000000c6f00000|100%| O|  |TAMS 0x00000000c6f00000, 0x00000000c6e00000| Untracked 
|  23|0x00000000c6f00000, 0x00000000c7000000, 0x00000000c7000000|100%| O|  |TAMS 0x00000000c7000000, 0x00000000c6f00000| Untracked 
|  24|0x00000000c7000000, 0x00000000c7100000, 0x00000000c7100000|100%| O|  |TAMS 0x00000000c7100000, 0x00000000c7000000| Untracked 
|  25|0x00000000c7100000, 0x00000000c7200000, 0x00000000c7200000|100%| O|  |TAMS 0x00000000c7200000, 0x00000000c7100000| Untracked 
|  26|0x00000000c7200000, 0x00000000c7300000, 0x00000000c7300000|100%| O|  |TAMS 0x00000000c7300000, 0x00000000c7200000| Untracked 
|  27|0x00000000c7300000, 0x00000000c7400000, 0x00000000c7400000|100%| O|  |TAMS 0x00000000c7400000, 0x00000000c7300000| Untracked 
|  28|0x00000000c7400000, 0x00000000c7500000, 0x00000000c7500000|100%| O|  |TAMS 0x00000000c7500000, 0x00000000c7400000| Untracked 
|  29|0x00000000c7500000, 0x00000000c7600000, 0x00000000c7600000|100%| O|  |TAMS 0x00000000c7600000, 0x00000000c7500000| Untracked 
|  30|0x00000000c7600000, 0x00000000c7700000, 0x00000000c7700000|100%| O|  |TAMS 0x00000000c7700000, 0x00000000c7600000| Untracked 
|  31|0x00000000c7700000, 0x00000000c7800000, 0x00000000c7800000|100%| O|  |TAMS 0x00000000c7800000, 0x00000000c7700000| Untracked 
|  32|0x00000000c7800000, 0x00000000c7900000, 0x00000000c7900000|100%| O|  |TAMS 0x00000000c7900000, 0x00000000c7800000| Untracked 
|  33|0x00000000c7900000, 0x00000000c7a00000, 0x00000000c7a00000|100%| O|  |TAMS 0x00000000c7a00000, 0x00000000c7900000| Untracked 
|  34|0x00000000c7a00000, 0x00000000c7b00000, 0x00000000c7b00000|100%| O|  |TAMS 0x00000000c7b00000, 0x00000000c7a00000| Untracked 
|  35|0x00000000c7b00000, 0x00000000c7c00000, 0x00000000c7c00000|100%| O|  |TAMS 0x00000000c7c00000, 0x00000000c7b00000| Untracked 
|  36|0x00000000c7c00000, 0x00000000c7d00000, 0x00000000c7d00000|100%| O|  |TAMS 0x00000000c7d00000, 0x00000000c7c00000| Untracked 
|  37|0x00000000c7d00000, 0x00000000c7e00000, 0x00000000c7e00000|100%| O|  |TAMS 0x00000000c7e00000, 0x00000000c7d00000| Untracked 
|  38|0x00000000c7e00000, 0x00000000c7f00000, 0x00000000c7f00000|100%| O|  |TAMS 0x00000000c7f00000, 0x00000000c7e00000| Untracked 
|  39|0x00000000c7f00000, 0x00000000c8000000, 0x00000000c8000000|100%| O|  |TAMS 0x00000000c7f00000, 0x00000000c7f00000| Untracked 
|  40|0x00000000c8000000, 0x00000000c8100000, 0x00000000c8100000|100%| O|  |TAMS 0x00000000c8100000, 0x00000000c8000000| Untracked 
|  41|0x00000000c8100000, 0x00000000c8200000, 0x00000000c8200000|100%| O|  |TAMS 0x00000000c8200000, 0x00000000c8100000| Untracked 
|  42|0x00000000c8200000, 0x00000000c8300000, 0x00000000c8300000|100%| O|  |TAMS 0x00000000c8300000, 0x00000000c8200000| Untracked 
|  43|0x00000000c8300000, 0x00000000c8400000, 0x00000000c8400000|100%| O|  |TAMS 0x00000000c8300000, 0x00000000c8300000| Untracked 
|  44|0x00000000c8400000, 0x00000000c8500000, 0x00000000c8500000|100%| O|  |TAMS 0x00000000c8500000, 0x00000000c8400000| Untracked 
|  45|0x00000000c8500000, 0x00000000c8600000, 0x00000000c8600000|100%| O|  |TAMS 0x00000000c8600000, 0x00000000c8500000| Untracked 
|  46|0x00000000c8600000, 0x00000000c8700000, 0x00000000c8700000|100%| O|  |TAMS 0x00000000c8700000, 0x00000000c8600000| Untracked 
|  47|0x00000000c8700000, 0x00000000c8800000, 0x00000000c8800000|100%| O|  |TAMS 0x00000000c8700000, 0x00000000c8700000| Untracked 
|  48|0x00000000c8800000, 0x00000000c8900000, 0x00000000c8900000|100%| O|  |TAMS 0x00000000c8800000, 0x00000000c8800000| Untracked 
|  49|0x00000000c8900000, 0x00000000c8a00000, 0x00000000c8a00000|100%| O|  |TAMS 0x00000000c8a00000, 0x00000000c8900000| Untracked 
|  50|0x00000000c8a00000, 0x00000000c8b00000, 0x00000000c8b00000|100%| O|  |TAMS 0x00000000c8a8d400, 0x00000000c8a00000| Untracked 
|  51|0x00000000c8b00000, 0x00000000c8c00000, 0x00000000c8c00000|100%| O|  |TAMS 0x00000000c8b00000, 0x00000000c8b00000| Untracked 
|  52|0x00000000c8c00000, 0x00000000c8d00000, 0x00000000c8d00000|100%| O|  |TAMS 0x00000000c8c00000, 0x00000000c8c00000| Untracked 
|  53|0x00000000c8d00000, 0x00000000c8e00000, 0x00000000c8e00000|100%| O|  |TAMS 0x00000000c8d00000, 0x00000000c8d00000| Untracked 
|  54|0x00000000c8e00000, 0x00000000c8f00000, 0x00000000c8f00000|100%| O|  |TAMS 0x00000000c8e00000, 0x00000000c8e00000| Untracked 
|  55|0x00000000c8f00000, 0x00000000c9000000, 0x00000000c9000000|100%| O|  |TAMS 0x00000000c8f00000, 0x00000000c8f00000| Untracked 
|  56|0x00000000c9000000, 0x00000000c9100000, 0x00000000c9100000|100%| O|  |TAMS 0x00000000c9000000, 0x00000000c9000000| Untracked 
|  57|0x00000000c9100000, 0x00000000c9200000, 0x00000000c9200000|100%| O|  |TAMS 0x00000000c9100000, 0x00000000c9100000| Untracked 
|  58|0x00000000c9200000, 0x00000000c9300000, 0x00000000c9300000|100%| O|  |TAMS 0x00000000c9200000, 0x00000000c9200000| Untracked 
|  59|0x00000000c9300000, 0x00000000c9400000, 0x00000000c9400000|100%| O|  |TAMS 0x00000000c9300000, 0x00000000c9300000| Untracked 
|  60|0x00000000c9400000, 0x00000000c9500000, 0x00000000c9500000|100%| O|  |TAMS 0x00000000c9400000, 0x00000000c9400000| Untracked 
|  61|0x00000000c9500000, 0x00000000c9600000, 0x00000000c9600000|100%| O|  |TAMS 0x00000000c9500000, 0x00000000c9500000| Untracked 
|  62|0x00000000c9600000, 0x00000000c9700000, 0x00000000c9700000|100%| O|  |TAMS 0x00000000c9600000, 0x00000000c9600000| Untracked 
|  63|0x00000000c9700000, 0x00000000c9800000, 0x00000000c9800000|100%| O|  |TAMS 0x00000000c9700000, 0x00000000c9700000| Untracked 
|  64|0x00000000c9800000, 0x00000000c9900000, 0x00000000c9900000|100%| O|  |TAMS 0x00000000c9800000, 0x00000000c9800000| Untracked 
|  65|0x00000000c9900000, 0x00000000c996e200, 0x00000000c9a00000| 43%| O|  |TAMS 0x00000000c9900000, 0x00000000c9900000| Untracked 
|  66|0x00000000c9a00000, 0x00000000c9a00000, 0x00000000c9b00000|  0%| F|  |TAMS 0x00000000c9a00000, 0x00000000c9a00000| Untracked 
|  67|0x00000000c9b00000, 0x00000000c9b00000, 0x00000000c9c00000|  0%| F|  |TAMS 0x00000000c9b00000, 0x00000000c9b00000| Untracked 
|  68|0x00000000c9c00000, 0x00000000c9c00000, 0x00000000c9d00000|  0%| F|  |TAMS 0x00000000c9c00000, 0x00000000c9c00000| Untracked 
|  69|0x00000000c9d00000, 0x00000000c9d00000, 0x00000000c9e00000|  0%| F|  |TAMS 0x00000000c9d00000, 0x00000000c9d00000| Untracked 
|  70|0x00000000c9e00000, 0x00000000c9e00000, 0x00000000c9f00000|  0%| F|  |TAMS 0x00000000c9e00000, 0x00000000c9e00000| Untracked 
|  71|0x00000000c9f00000, 0x00000000c9f00000, 0x00000000ca000000|  0%| F|  |TAMS 0x00000000c9f00000, 0x00000000c9f00000| Untracked 
|  72|0x00000000ca000000, 0x00000000ca000000, 0x00000000ca100000|  0%| F|  |TAMS 0x00000000ca000000, 0x00000000ca000000| Untracked 
|  73|0x00000000ca100000, 0x00000000ca100000, 0x00000000ca200000|  0%| F|  |TAMS 0x00000000ca100000, 0x00000000ca100000| Untracked 
|  74|0x00000000ca200000, 0x00000000ca200000, 0x00000000ca300000|  0%| F|  |TAMS 0x00000000ca200000, 0x00000000ca200000| Untracked 
|  75|0x00000000ca300000, 0x00000000ca300000, 0x00000000ca400000|  0%| F|  |TAMS 0x00000000ca300000, 0x00000000ca300000| Untracked 
|  76|0x00000000ca400000, 0x00000000ca400000, 0x00000000ca500000|  0%| F|  |TAMS 0x00000000ca400000, 0x00000000ca400000| Untracked 
|  77|0x00000000ca500000, 0x00000000ca500000, 0x00000000ca600000|  0%| F|  |TAMS 0x00000000ca500000, 0x00000000ca500000| Untracked 
|  78|0x00000000ca600000, 0x00000000ca600000, 0x00000000ca700000|  0%| F|  |TAMS 0x00000000ca600000, 0x00000000ca600000| Untracked 
|  79|0x00000000ca700000, 0x00000000ca700000, 0x00000000ca800000|  0%| F|  |TAMS 0x00000000ca700000, 0x00000000ca700000| Untracked 
|  80|0x00000000ca800000, 0x00000000ca800000, 0x00000000ca900000|  0%| F|  |TAMS 0x00000000ca800000, 0x00000000ca800000| Untracked 
|  81|0x00000000ca900000, 0x00000000ca900000, 0x00000000caa00000|  0%| F|  |TAMS 0x00000000ca900000, 0x00000000ca900000| Untracked 
|  82|0x00000000caa00000, 0x00000000caa00000, 0x00000000cab00000|  0%| F|  |TAMS 0x00000000caa00000, 0x00000000caa00000| Untracked 
|  83|0x00000000cab00000, 0x00000000cab00000, 0x00000000cac00000|  0%| F|  |TAMS 0x00000000cab00000, 0x00000000cab00000| Untracked 
|  84|0x00000000cac00000, 0x00000000cac00000, 0x00000000cad00000|  0%| F|  |TAMS 0x00000000cac00000, 0x00000000cac00000| Untracked 
|  85|0x00000000cad00000, 0x00000000cad00000, 0x00000000cae00000|  0%| F|  |TAMS 0x00000000cad00000, 0x00000000cad00000| Untracked 
|  86|0x00000000cae00000, 0x00000000cae00000, 0x00000000caf00000|  0%| F|  |TAMS 0x00000000cae00000, 0x00000000cae00000| Untracked 
|  87|0x00000000caf00000, 0x00000000caf00000, 0x00000000cb000000|  0%| F|  |TAMS 0x00000000caf00000, 0x00000000caf00000| Untracked 
|  88|0x00000000cb000000, 0x00000000cb000000, 0x00000000cb100000|  0%| F|  |TAMS 0x00000000cb000000, 0x00000000cb000000| Untracked 
|  89|0x00000000cb100000, 0x00000000cb100000, 0x00000000cb200000|  0%| F|  |TAMS 0x00000000cb100000, 0x00000000cb100000| Untracked 
|  90|0x00000000cb200000, 0x00000000cb200000, 0x00000000cb300000|  0%| F|  |TAMS 0x00000000cb200000, 0x00000000cb200000| Untracked 
|  91|0x00000000cb300000, 0x00000000cb300000, 0x00000000cb400000|  0%| F|  |TAMS 0x00000000cb300000, 0x00000000cb300000| Untracked 
|  92|0x00000000cb400000, 0x00000000cb400000, 0x00000000cb500000|  0%| F|  |TAMS 0x00000000cb400000, 0x00000000cb400000| Untracked 
|  93|0x00000000cb500000, 0x00000000cb500000, 0x00000000cb600000|  0%| F|  |TAMS 0x00000000cb500000, 0x00000000cb500000| Untracked 
|  94|0x00000000cb600000, 0x00000000cb600000, 0x00000000cb700000|  0%| F|  |TAMS 0x00000000cb600000, 0x00000000cb600000| Untracked 
|  95|0x00000000cb700000, 0x00000000cb700000, 0x00000000cb800000|  0%| F|  |TAMS 0x00000000cb700000, 0x00000000cb700000| Untracked 
|  96|0x00000000cb800000, 0x00000000cb800000, 0x00000000cb900000|  0%| F|  |TAMS 0x00000000cb800000, 0x00000000cb800000| Untracked 
|  97|0x00000000cb900000, 0x00000000cb900000, 0x00000000cba00000|  0%| F|  |TAMS 0x00000000cb900000, 0x00000000cb900000| Untracked 
|  98|0x00000000cba00000, 0x00000000cba00000, 0x00000000cbb00000|  0%| F|  |TAMS 0x00000000cba00000, 0x00000000cba00000| Untracked 
|  99|0x00000000cbb00000, 0x00000000cbb00000, 0x00000000cbc00000|  0%| F|  |TAMS 0x00000000cbb00000, 0x00000000cbb00000| Untracked 
| 100|0x00000000cbc00000, 0x00000000cbc00000, 0x00000000cbd00000|  0%| F|  |TAMS 0x00000000cbc00000, 0x00000000cbc00000| Untracked 
| 101|0x00000000cbd00000, 0x00000000cbd00000, 0x00000000cbe00000|  0%| F|  |TAMS 0x00000000cbd00000, 0x00000000cbd00000| Untracked 
| 102|0x00000000cbe00000, 0x00000000cbe00000, 0x00000000cbf00000|  0%| F|  |TAMS 0x00000000cbe00000, 0x00000000cbe00000| Untracked 
| 103|0x00000000cbf00000, 0x00000000cbf00000, 0x00000000cc000000|  0%| F|  |TAMS 0x00000000cbf00000, 0x00000000cbf00000| Untracked 
| 104|0x00000000cc000000, 0x00000000cc000000, 0x00000000cc100000|  0%| F|  |TAMS 0x00000000cc000000, 0x00000000cc000000| Untracked 
| 105|0x00000000cc100000, 0x00000000cc100000, 0x00000000cc200000|  0%| F|  |TAMS 0x00000000cc100000, 0x00000000cc100000| Untracked 
| 106|0x00000000cc200000, 0x00000000cc200000, 0x00000000cc300000|  0%| F|  |TAMS 0x00000000cc200000, 0x00000000cc200000| Untracked 
| 107|0x00000000cc300000, 0x00000000cc300000, 0x00000000cc400000|  0%| F|  |TAMS 0x00000000cc300000, 0x00000000cc300000| Untracked 
| 108|0x00000000cc400000, 0x00000000cc400000, 0x00000000cc500000|  0%| F|  |TAMS 0x00000000cc400000, 0x00000000cc400000| Untracked 
| 109|0x00000000cc500000, 0x00000000cc500000, 0x00000000cc600000|  0%| F|  |TAMS 0x00000000cc500000, 0x00000000cc500000| Untracked 
| 110|0x00000000cc600000, 0x00000000cc600000, 0x00000000cc700000|  0%| F|  |TAMS 0x00000000cc600000, 0x00000000cc600000| Untracked 
| 111|0x00000000cc700000, 0x00000000cc700000, 0x00000000cc800000|  0%| F|  |TAMS 0x00000000cc700000, 0x00000000cc700000| Untracked 
| 112|0x00000000cc800000, 0x00000000cc800000, 0x00000000cc900000|  0%| F|  |TAMS 0x00000000cc800000, 0x00000000cc800000| Untracked 
| 113|0x00000000cc900000, 0x00000000cc900000, 0x00000000cca00000|  0%| F|  |TAMS 0x00000000cc900000, 0x00000000cc900000| Untracked 
| 114|0x00000000cca00000, 0x00000000cca00000, 0x00000000ccb00000|  0%| F|  |TAMS 0x00000000cca00000, 0x00000000cca00000| Untracked 
| 115|0x00000000ccb00000, 0x00000000ccb00000, 0x00000000ccc00000|  0%| F|  |TAMS 0x00000000ccb00000, 0x00000000ccb00000| Untracked 
| 116|0x00000000ccc00000, 0x00000000ccc00000, 0x00000000ccd00000|  0%| F|  |TAMS 0x00000000ccc00000, 0x00000000ccc00000| Untracked 
| 117|0x00000000ccd00000, 0x00000000ccd00000, 0x00000000cce00000|  0%| F|  |TAMS 0x00000000ccd00000, 0x00000000ccd00000| Untracked 
| 118|0x00000000cce00000, 0x00000000cce00000, 0x00000000ccf00000|  0%| F|  |TAMS 0x00000000cce00000, 0x00000000cce00000| Untracked 
| 119|0x00000000ccf00000, 0x00000000ccf00000, 0x00000000cd000000|  0%| F|  |TAMS 0x00000000ccf00000, 0x00000000ccf00000| Untracked 
| 120|0x00000000cd000000, 0x00000000cd000000, 0x00000000cd100000|  0%| F|  |TAMS 0x00000000cd000000, 0x00000000cd000000| Untracked 
| 121|0x00000000cd100000, 0x00000000cd100000, 0x00000000cd200000|  0%| F|  |TAMS 0x00000000cd100000, 0x00000000cd100000| Untracked 
| 122|0x00000000cd200000, 0x00000000cd200000, 0x00000000cd300000|  0%| F|  |TAMS 0x00000000cd200000, 0x00000000cd200000| Untracked 
| 123|0x00000000cd300000, 0x00000000cd300000, 0x00000000cd400000|  0%| F|  |TAMS 0x00000000cd300000, 0x00000000cd300000| Untracked 
| 124|0x00000000cd400000, 0x00000000cd400000, 0x00000000cd500000|  0%| F|  |TAMS 0x00000000cd400000, 0x00000000cd400000| Untracked 
| 125|0x00000000cd500000, 0x00000000cd500000, 0x00000000cd600000|  0%| F|  |TAMS 0x00000000cd500000, 0x00000000cd500000| Untracked 
| 126|0x00000000cd600000, 0x00000000cd600000, 0x00000000cd700000|  0%| F|  |TAMS 0x00000000cd600000, 0x00000000cd600000| Untracked 
| 127|0x00000000cd700000, 0x00000000cd700000, 0x00000000cd800000|  0%| F|  |TAMS 0x00000000cd700000, 0x00000000cd700000| Untracked 
| 128|0x00000000cd800000, 0x00000000cd800000, 0x00000000cd900000|  0%| F|  |TAMS 0x00000000cd800000, 0x00000000cd800000| Untracked 
| 129|0x00000000cd900000, 0x00000000cd900000, 0x00000000cda00000|  0%| F|  |TAMS 0x00000000cd900000, 0x00000000cd900000| Untracked 
| 130|0x00000000cda00000, 0x00000000cda00000, 0x00000000cdb00000|  0%| F|  |TAMS 0x00000000cda00000, 0x00000000cda00000| Untracked 
| 131|0x00000000cdb00000, 0x00000000cdb00000, 0x00000000cdc00000|  0%| F|  |TAMS 0x00000000cdb00000, 0x00000000cdb00000| Untracked 
| 132|0x00000000cdc00000, 0x00000000cdc00000, 0x00000000cdd00000|  0%| F|  |TAMS 0x00000000cdc00000, 0x00000000cdc00000| Untracked 
| 133|0x00000000cdd00000, 0x00000000cdd00000, 0x00000000cde00000|  0%| F|  |TAMS 0x00000000cdd00000, 0x00000000cdd00000| Untracked 
| 134|0x00000000cde00000, 0x00000000cde00000, 0x00000000cdf00000|  0%| F|  |TAMS 0x00000000cde00000, 0x00000000cde00000| Untracked 
| 135|0x00000000cdf00000, 0x00000000cdf00000, 0x00000000ce000000|  0%| F|  |TAMS 0x00000000cdf00000, 0x00000000cdf00000| Untracked 
| 136|0x00000000ce000000, 0x00000000ce000000, 0x00000000ce100000|  0%| F|  |TAMS 0x00000000ce000000, 0x00000000ce000000| Untracked 
| 137|0x00000000ce100000, 0x00000000ce100000, 0x00000000ce200000|  0%| F|  |TAMS 0x00000000ce100000, 0x00000000ce100000| Untracked 
| 138|0x00000000ce200000, 0x00000000ce200000, 0x00000000ce300000|  0%| F|  |TAMS 0x00000000ce200000, 0x00000000ce200000| Untracked 
| 139|0x00000000ce300000, 0x00000000ce300000, 0x00000000ce400000|  0%| F|  |TAMS 0x00000000ce300000, 0x00000000ce300000| Untracked 
| 140|0x00000000ce400000, 0x00000000ce400000, 0x00000000ce500000|  0%| F|  |TAMS 0x00000000ce400000, 0x00000000ce400000| Untracked 
| 141|0x00000000ce500000, 0x00000000ce500000, 0x00000000ce600000|  0%| F|  |TAMS 0x00000000ce500000, 0x00000000ce500000| Untracked 
| 142|0x00000000ce600000, 0x00000000ce600000, 0x00000000ce700000|  0%| F|  |TAMS 0x00000000ce600000, 0x00000000ce600000| Untracked 
| 143|0x00000000ce700000, 0x00000000ce700000, 0x00000000ce800000|  0%| F|  |TAMS 0x00000000ce700000, 0x00000000ce700000| Untracked 
| 144|0x00000000ce800000, 0x00000000ce800000, 0x00000000ce900000|  0%| F|  |TAMS 0x00000000ce800000, 0x00000000ce800000| Untracked 
| 145|0x00000000ce900000, 0x00000000ce900000, 0x00000000cea00000|  0%| F|  |TAMS 0x00000000ce900000, 0x00000000ce900000| Untracked 
| 146|0x00000000cea00000, 0x00000000cea00000, 0x00000000ceb00000|  0%| F|  |TAMS 0x00000000cea00000, 0x00000000cea00000| Untracked 
| 147|0x00000000ceb00000, 0x00000000ceb00000, 0x00000000cec00000|  0%| F|  |TAMS 0x00000000ceb00000, 0x00000000ceb00000| Untracked 
| 148|0x00000000cec00000, 0x00000000cec00000, 0x00000000ced00000|  0%| F|  |TAMS 0x00000000cec00000, 0x00000000cec00000| Untracked 
| 149|0x00000000ced00000, 0x00000000ced00000, 0x00000000cee00000|  0%| F|  |TAMS 0x00000000ced00000, 0x00000000ced00000| Untracked 
| 150|0x00000000cee00000, 0x00000000cee00000, 0x00000000cef00000|  0%| F|  |TAMS 0x00000000cee00000, 0x00000000cee00000| Untracked 
| 151|0x00000000cef00000, 0x00000000cef00000, 0x00000000cf000000|  0%| F|  |TAMS 0x00000000cef00000, 0x00000000cef00000| Untracked 
| 152|0x00000000cf000000, 0x00000000cf000000, 0x00000000cf100000|  0%| F|  |TAMS 0x00000000cf000000, 0x00000000cf000000| Untracked 
| 153|0x00000000cf100000, 0x00000000cf100000, 0x00000000cf200000|  0%| F|  |TAMS 0x00000000cf100000, 0x00000000cf100000| Untracked 
| 154|0x00000000cf200000, 0x00000000cf200000, 0x00000000cf300000|  0%| F|  |TAMS 0x00000000cf200000, 0x00000000cf200000| Untracked 
| 155|0x00000000cf300000, 0x00000000cf300000, 0x00000000cf400000|  0%| F|  |TAMS 0x00000000cf300000, 0x00000000cf300000| Untracked 
| 156|0x00000000cf400000, 0x00000000cf400000, 0x00000000cf500000|  0%| F|  |TAMS 0x00000000cf400000, 0x00000000cf400000| Untracked 
| 157|0x00000000cf500000, 0x00000000cf500000, 0x00000000cf600000|  0%| F|  |TAMS 0x00000000cf500000, 0x00000000cf500000| Untracked 
| 158|0x00000000cf600000, 0x00000000cf600000, 0x00000000cf700000|  0%| F|  |TAMS 0x00000000cf600000, 0x00000000cf600000| Untracked 
| 159|0x00000000cf700000, 0x00000000cf700000, 0x00000000cf800000|  0%| F|  |TAMS 0x00000000cf700000, 0x00000000cf700000| Untracked 
| 160|0x00000000cf800000, 0x00000000cf800000, 0x00000000cf900000|  0%| F|  |TAMS 0x00000000cf800000, 0x00000000cf800000| Untracked 
| 161|0x00000000cf900000, 0x00000000cf900000, 0x00000000cfa00000|  0%| F|  |TAMS 0x00000000cf900000, 0x00000000cf900000| Untracked 
| 162|0x00000000cfa00000, 0x00000000cfa00000, 0x00000000cfb00000|  0%| F|  |TAMS 0x00000000cfa00000, 0x00000000cfa00000| Untracked 
| 163|0x00000000cfb00000, 0x00000000cfb00000, 0x00000000cfc00000|  0%| F|  |TAMS 0x00000000cfb00000, 0x00000000cfb00000| Untracked 
| 164|0x00000000cfc00000, 0x00000000cfc00000, 0x00000000cfd00000|  0%| F|  |TAMS 0x00000000cfc00000, 0x00000000cfc00000| Untracked 
| 165|0x00000000cfd00000, 0x00000000cfd00000, 0x00000000cfe00000|  0%| F|  |TAMS 0x00000000cfd00000, 0x00000000cfd00000| Untracked 
| 166|0x00000000cfe00000, 0x00000000cfe00000, 0x00000000cff00000|  0%| F|  |TAMS 0x00000000cfe00000, 0x00000000cfe00000| Untracked 
| 167|0x00000000cff00000, 0x00000000cff00000, 0x00000000d0000000|  0%| F|  |TAMS 0x00000000cff00000, 0x00000000cff00000| Untracked 
| 168|0x00000000d0000000, 0x00000000d0000000, 0x00000000d0100000|  0%| F|  |TAMS 0x00000000d0000000, 0x00000000d0000000| Untracked 
| 169|0x00000000d0100000, 0x00000000d0100000, 0x00000000d0200000|  0%| F|  |TAMS 0x00000000d0100000, 0x00000000d0100000| Untracked 
| 170|0x00000000d0200000, 0x00000000d0200000, 0x00000000d0300000|  0%| F|  |TAMS 0x00000000d0200000, 0x00000000d0200000| Untracked 
| 171|0x00000000d0300000, 0x00000000d0300000, 0x00000000d0400000|  0%| F|  |TAMS 0x00000000d0300000, 0x00000000d0300000| Untracked 
| 172|0x00000000d0400000, 0x00000000d0400000, 0x00000000d0500000|  0%| F|  |TAMS 0x00000000d0400000, 0x00000000d0400000| Untracked 
| 173|0x00000000d0500000, 0x00000000d0500000, 0x00000000d0600000|  0%| F|  |TAMS 0x00000000d0500000, 0x00000000d0500000| Untracked 
| 174|0x00000000d0600000, 0x00000000d0600000, 0x00000000d0700000|  0%| F|  |TAMS 0x00000000d0600000, 0x00000000d0600000| Untracked 
| 175|0x00000000d0700000, 0x00000000d0700000, 0x00000000d0800000|  0%| F|  |TAMS 0x00000000d0700000, 0x00000000d0700000| Untracked 
| 176|0x00000000d0800000, 0x00000000d0800000, 0x00000000d0900000|  0%| F|  |TAMS 0x00000000d0800000, 0x00000000d0800000| Untracked 
| 177|0x00000000d0900000, 0x00000000d0900000, 0x00000000d0a00000|  0%| F|  |TAMS 0x00000000d0900000, 0x00000000d0900000| Untracked 
| 178|0x00000000d0a00000, 0x00000000d0a00000, 0x00000000d0b00000|  0%| F|  |TAMS 0x00000000d0a00000, 0x00000000d0a00000| Untracked 
| 179|0x00000000d0b00000, 0x00000000d0b00000, 0x00000000d0c00000|  0%| F|  |TAMS 0x00000000d0b00000, 0x00000000d0b00000| Untracked 
| 180|0x00000000d0c00000, 0x00000000d0c00000, 0x00000000d0d00000|  0%| F|  |TAMS 0x00000000d0c00000, 0x00000000d0c00000| Untracked 
| 181|0x00000000d0d00000, 0x00000000d0d00000, 0x00000000d0e00000|  0%| F|  |TAMS 0x00000000d0d00000, 0x00000000d0d00000| Untracked 
| 182|0x00000000d0e00000, 0x00000000d0e00000, 0x00000000d0f00000|  0%| F|  |TAMS 0x00000000d0e00000, 0x00000000d0e00000| Untracked 
| 183|0x00000000d0f00000, 0x00000000d0f00000, 0x00000000d1000000|  0%| F|  |TAMS 0x00000000d0f00000, 0x00000000d0f00000| Untracked 
| 184|0x00000000d1000000, 0x00000000d1000000, 0x00000000d1100000|  0%| F|  |TAMS 0x00000000d1000000, 0x00000000d1000000| Untracked 
| 185|0x00000000d1100000, 0x00000000d1100000, 0x00000000d1200000|  0%| F|  |TAMS 0x00000000d1100000, 0x00000000d1100000| Untracked 
| 186|0x00000000d1200000, 0x00000000d1200000, 0x00000000d1300000|  0%| F|  |TAMS 0x00000000d1200000, 0x00000000d1200000| Untracked 
| 187|0x00000000d1300000, 0x00000000d1300000, 0x00000000d1400000|  0%| F|  |TAMS 0x00000000d1300000, 0x00000000d1300000| Untracked 
| 188|0x00000000d1400000, 0x00000000d1400000, 0x00000000d1500000|  0%| F|  |TAMS 0x00000000d1400000, 0x00000000d1400000| Untracked 
| 189|0x00000000d1500000, 0x00000000d1500000, 0x00000000d1600000|  0%| F|  |TAMS 0x00000000d1500000, 0x00000000d1500000| Untracked 
| 190|0x00000000d1600000, 0x00000000d1600000, 0x00000000d1700000|  0%| F|  |TAMS 0x00000000d1600000, 0x00000000d1600000| Untracked 
| 191|0x00000000d1700000, 0x00000000d1700000, 0x00000000d1800000|  0%| F|  |TAMS 0x00000000d1700000, 0x00000000d1700000| Untracked 
| 192|0x00000000d1800000, 0x00000000d1800000, 0x00000000d1900000|  0%| F|  |TAMS 0x00000000d1800000, 0x00000000d1800000| Untracked 
| 193|0x00000000d1900000, 0x00000000d1900000, 0x00000000d1a00000|  0%| F|  |TAMS 0x00000000d1900000, 0x00000000d1900000| Untracked 
| 194|0x00000000d1a00000, 0x00000000d1a00000, 0x00000000d1b00000|  0%| F|  |TAMS 0x00000000d1a00000, 0x00000000d1a00000| Untracked 
| 195|0x00000000d1b00000, 0x00000000d1bb6cb0, 0x00000000d1c00000| 71%| S|CS|TAMS 0x00000000d1b00000, 0x00000000d1b00000| Complete 
| 196|0x00000000d1c00000, 0x00000000d1c00000, 0x00000000d1d00000|  0%| F|  |TAMS 0x00000000d1c00000, 0x00000000d1c00000| Untracked 
| 197|0x00000000d1d00000, 0x00000000d1d00000, 0x00000000d1e00000|  0%| F|  |TAMS 0x00000000d1d00000, 0x00000000d1d00000| Untracked 
| 198|0x00000000d1e00000, 0x00000000d1e00000, 0x00000000d1f00000|  0%| F|  |TAMS 0x00000000d1e00000, 0x00000000d1e00000| Untracked 
| 199|0x00000000d1f00000, 0x00000000d1f00000, 0x00000000d2000000|  0%| F|  |TAMS 0x00000000d1f00000, 0x00000000d1f00000| Untracked 
| 200|0x00000000d2000000, 0x00000000d2000000, 0x00000000d2100000|  0%| F|  |TAMS 0x00000000d2000000, 0x00000000d2000000| Untracked 
| 201|0x00000000d2100000, 0x00000000d2100000, 0x00000000d2200000|  0%| F|  |TAMS 0x00000000d2100000, 0x00000000d2100000| Untracked 
| 202|0x00000000d2200000, 0x00000000d2200000, 0x00000000d2300000|  0%| F|  |TAMS 0x00000000d2200000, 0x00000000d2200000| Untracked 
| 203|0x00000000d2300000, 0x00000000d2300000, 0x00000000d2400000|  0%| F|  |TAMS 0x00000000d2300000, 0x00000000d2300000| Untracked 
| 204|0x00000000d2400000, 0x00000000d2400000, 0x00000000d2500000|  0%| F|  |TAMS 0x00000000d2400000, 0x00000000d2400000| Untracked 
| 205|0x00000000d2500000, 0x00000000d2500000, 0x00000000d2600000|  0%| F|  |TAMS 0x00000000d2500000, 0x00000000d2500000| Untracked 
| 206|0x00000000d2600000, 0x00000000d2600000, 0x00000000d2700000|  0%| F|  |TAMS 0x00000000d2600000, 0x00000000d2600000| Untracked 
| 207|0x00000000d2700000, 0x00000000d2700000, 0x00000000d2800000|  0%| F|  |TAMS 0x00000000d2700000, 0x00000000d2700000| Untracked 
| 208|0x00000000d2800000, 0x00000000d2800000, 0x00000000d2900000|  0%| F|  |TAMS 0x00000000d2800000, 0x00000000d2800000| Untracked 
| 209|0x00000000d2900000, 0x00000000d2900000, 0x00000000d2a00000|  0%| F|  |TAMS 0x00000000d2900000, 0x00000000d2900000| Untracked 
| 210|0x00000000d2a00000, 0x00000000d2a00000, 0x00000000d2b00000|  0%| F|  |TAMS 0x00000000d2a00000, 0x00000000d2a00000| Untracked 
| 211|0x00000000d2b00000, 0x00000000d2b00000, 0x00000000d2c00000|  0%| F|  |TAMS 0x00000000d2b00000, 0x00000000d2b00000| Untracked 
| 212|0x00000000d2c00000, 0x00000000d2c00000, 0x00000000d2d00000|  0%| F|  |TAMS 0x00000000d2c00000, 0x00000000d2c00000| Untracked 
| 213|0x00000000d2d00000, 0x00000000d2d00000, 0x00000000d2e00000|  0%| F|  |TAMS 0x00000000d2d00000, 0x00000000d2d00000| Untracked 
| 214|0x00000000d2e00000, 0x00000000d2e00000, 0x00000000d2f00000|  0%| F|  |TAMS 0x00000000d2e00000, 0x00000000d2e00000| Untracked 
| 215|0x00000000d2f00000, 0x00000000d2f00000, 0x00000000d3000000|  0%| F|  |TAMS 0x00000000d2f00000, 0x00000000d2f00000| Untracked 
| 216|0x00000000d3000000, 0x00000000d3000000, 0x00000000d3100000|  0%| F|  |TAMS 0x00000000d3000000, 0x00000000d3000000| Untracked 
| 217|0x00000000d3100000, 0x00000000d3100000, 0x00000000d3200000|  0%| F|  |TAMS 0x00000000d3100000, 0x00000000d3100000| Untracked 
| 218|0x00000000d3200000, 0x00000000d3200000, 0x00000000d3300000|  0%| F|  |TAMS 0x00000000d3200000, 0x00000000d3200000| Untracked 
| 219|0x00000000d3300000, 0x00000000d3300000, 0x00000000d3400000|  0%| F|  |TAMS 0x00000000d3300000, 0x00000000d3300000| Untracked 
| 220|0x00000000d3400000, 0x00000000d3400000, 0x00000000d3500000|  0%| F|  |TAMS 0x00000000d3400000, 0x00000000d3400000| Untracked 
| 221|0x00000000d3500000, 0x00000000d3500000, 0x00000000d3600000|  0%| F|  |TAMS 0x00000000d3500000, 0x00000000d3500000| Untracked 
| 222|0x00000000d3600000, 0x00000000d3600000, 0x00000000d3700000|  0%| F|  |TAMS 0x00000000d3600000, 0x00000000d3600000| Untracked 
| 223|0x00000000d3700000, 0x00000000d3700000, 0x00000000d3800000|  0%| F|  |TAMS 0x00000000d3700000, 0x00000000d3700000| Untracked 
| 224|0x00000000d3800000, 0x00000000d3800000, 0x00000000d3900000|  0%| F|  |TAMS 0x00000000d3800000, 0x00000000d3800000| Untracked 
| 225|0x00000000d3900000, 0x00000000d3900000, 0x00000000d3a00000|  0%| F|  |TAMS 0x00000000d3900000, 0x00000000d3900000| Untracked 
| 226|0x00000000d3a00000, 0x00000000d3a00000, 0x00000000d3b00000|  0%| F|  |TAMS 0x00000000d3a00000, 0x00000000d3a00000| Untracked 
| 227|0x00000000d3b00000, 0x00000000d3b00000, 0x00000000d3c00000|  0%| F|  |TAMS 0x00000000d3b00000, 0x00000000d3b00000| Untracked 
| 228|0x00000000d3c00000, 0x00000000d3c00000, 0x00000000d3d00000|  0%| F|  |TAMS 0x00000000d3c00000, 0x00000000d3c00000| Untracked 
| 229|0x00000000d3d00000, 0x00000000d3d00000, 0x00000000d3e00000|  0%| F|  |TAMS 0x00000000d3d00000, 0x00000000d3d00000| Untracked 
| 230|0x00000000d3e00000, 0x00000000d3e00000, 0x00000000d3f00000|  0%| F|  |TAMS 0x00000000d3e00000, 0x00000000d3e00000| Untracked 
| 231|0x00000000d3f00000, 0x00000000d3f00000, 0x00000000d4000000|  0%| F|  |TAMS 0x00000000d3f00000, 0x00000000d3f00000| Untracked 
| 232|0x00000000d4000000, 0x00000000d4000000, 0x00000000d4100000|  0%| F|  |TAMS 0x00000000d4000000, 0x00000000d4000000| Untracked 
| 233|0x00000000d4100000, 0x00000000d4100000, 0x00000000d4200000|  0%| F|  |TAMS 0x00000000d4100000, 0x00000000d4100000| Untracked 
| 234|0x00000000d4200000, 0x00000000d4200000, 0x00000000d4300000|  0%| F|  |TAMS 0x00000000d4200000, 0x00000000d4200000| Untracked 
| 235|0x00000000d4300000, 0x00000000d4300000, 0x00000000d4400000|  0%| F|  |TAMS 0x00000000d4300000, 0x00000000d4300000| Untracked 
| 236|0x00000000d4400000, 0x00000000d4400000, 0x00000000d4500000|  0%| F|  |TAMS 0x00000000d4400000, 0x00000000d4400000| Untracked 
| 237|0x00000000d4500000, 0x00000000d4500000, 0x00000000d4600000|  0%| F|  |TAMS 0x00000000d4500000, 0x00000000d4500000| Untracked 
| 238|0x00000000d4600000, 0x00000000d4680110, 0x00000000d4700000| 50%| E|  |TAMS 0x00000000d4600000, 0x00000000d4600000| Complete 
| 239|0x00000000d4700000, 0x00000000d4800000, 0x00000000d4800000|100%| E|CS|TAMS 0x00000000d4700000, 0x00000000d4700000| Complete 
| 240|0x00000000d4800000, 0x00000000d4900000, 0x00000000d4900000|100%| E|CS|TAMS 0x00000000d4800000, 0x00000000d4800000| Complete 
| 241|0x00000000d4900000, 0x00000000d4a00000, 0x00000000d4a00000|100%| E|CS|TAMS 0x00000000d4900000, 0x00000000d4900000| Complete 
| 242|0x00000000d4a00000, 0x00000000d4b00000, 0x00000000d4b00000|100%| E|CS|TAMS 0x00000000d4a00000, 0x00000000d4a00000| Complete 
| 243|0x00000000d4b00000, 0x00000000d4c00000, 0x00000000d4c00000|100%| E|CS|TAMS 0x00000000d4b00000, 0x00000000d4b00000| Complete 
| 244|0x00000000d4c00000, 0x00000000d4d00000, 0x00000000d4d00000|100%| E|CS|TAMS 0x00000000d4c00000, 0x00000000d4c00000| Complete 
| 245|0x00000000d4d00000, 0x00000000d4e00000, 0x00000000d4e00000|100%| E|CS|TAMS 0x00000000d4d00000, 0x00000000d4d00000| Complete 
| 246|0x00000000d4e00000, 0x00000000d4f00000, 0x00000000d4f00000|100%| E|CS|TAMS 0x00000000d4e00000, 0x00000000d4e00000| Complete 
| 247|0x00000000d4f00000, 0x00000000d5000000, 0x00000000d5000000|100%| E|CS|TAMS 0x00000000d4f00000, 0x00000000d4f00000| Complete 
| 248|0x00000000d5000000, 0x00000000d5100000, 0x00000000d5100000|100%| E|CS|TAMS 0x00000000d5000000, 0x00000000d5000000| Complete 
| 249|0x00000000d5100000, 0x00000000d5200000, 0x00000000d5200000|100%| E|CS|TAMS 0x00000000d5100000, 0x00000000d5100000| Complete 
| 250|0x00000000d5200000, 0x00000000d5300000, 0x00000000d5300000|100%| E|CS|TAMS 0x00000000d5200000, 0x00000000d5200000| Complete 
| 251|0x00000000d5300000, 0x00000000d5400000, 0x00000000d5400000|100%| E|CS|TAMS 0x00000000d5300000, 0x00000000d5300000| Complete 
| 252|0x00000000d5400000, 0x00000000d5500000, 0x00000000d5500000|100%| E|CS|TAMS 0x00000000d5400000, 0x00000000d5400000| Complete 
| 253|0x00000000d5500000, 0x00000000d5600000, 0x00000000d5600000|100%| E|CS|TAMS 0x00000000d5500000, 0x00000000d5500000| Complete 
| 254|0x00000000d5600000, 0x00000000d5700000, 0x00000000d5700000|100%| E|CS|TAMS 0x00000000d5600000, 0x00000000d5600000| Complete 
| 255|0x00000000d5700000, 0x00000000d5800000, 0x00000000d5800000|100%| E|CS|TAMS 0x00000000d5700000, 0x00000000d5700000| Complete 
| 256|0x00000000d5800000, 0x00000000d5900000, 0x00000000d5900000|100%| E|CS|TAMS 0x00000000d5800000, 0x00000000d5800000| Complete 
| 257|0x00000000d5900000, 0x00000000d5a00000, 0x00000000d5a00000|100%| E|CS|TAMS 0x00000000d5900000, 0x00000000d5900000| Complete 
| 258|0x00000000d5a00000, 0x00000000d5b00000, 0x00000000d5b00000|100%| E|CS|TAMS 0x00000000d5a00000, 0x00000000d5a00000| Complete 
| 259|0x00000000d5b00000, 0x00000000d5c00000, 0x00000000d5c00000|100%| E|CS|TAMS 0x00000000d5b00000, 0x00000000d5b00000| Complete 
| 260|0x00000000d5c00000, 0x00000000d5d00000, 0x00000000d5d00000|100%| E|CS|TAMS 0x00000000d5c00000, 0x00000000d5c00000| Complete 
| 261|0x00000000d5d00000, 0x00000000d5e00000, 0x00000000d5e00000|100%| E|CS|TAMS 0x00000000d5d00000, 0x00000000d5d00000| Complete 
| 262|0x00000000d5e00000, 0x00000000d5f00000, 0x00000000d5f00000|100%| E|CS|TAMS 0x00000000d5e00000, 0x00000000d5e00000| Complete 
| 263|0x00000000d5f00000, 0x00000000d6000000, 0x00000000d6000000|100%| E|CS|TAMS 0x00000000d5f00000, 0x00000000d5f00000| Complete 
| 264|0x00000000d6000000, 0x00000000d6100000, 0x00000000d6100000|100%| E|CS|TAMS 0x00000000d6000000, 0x00000000d6000000| Complete 
| 265|0x00000000d6100000, 0x00000000d6200000, 0x00000000d6200000|100%| E|CS|TAMS 0x00000000d6100000, 0x00000000d6100000| Complete 
| 266|0x00000000d6200000, 0x00000000d6300000, 0x00000000d6300000|100%| E|CS|TAMS 0x00000000d6200000, 0x00000000d6200000| Complete 
| 267|0x00000000d6300000, 0x00000000d6400000, 0x00000000d6400000|100%| E|CS|TAMS 0x00000000d6300000, 0x00000000d6300000| Complete 
| 268|0x00000000d6400000, 0x00000000d6500000, 0x00000000d6500000|100%| E|CS|TAMS 0x00000000d6400000, 0x00000000d6400000| Complete 
| 269|0x00000000d6500000, 0x00000000d6600000, 0x00000000d6600000|100%| E|CS|TAMS 0x00000000d6500000, 0x00000000d6500000| Complete 
| 270|0x00000000d6600000, 0x00000000d6700000, 0x00000000d6700000|100%| E|CS|TAMS 0x00000000d6600000, 0x00000000d6600000| Complete 
| 271|0x00000000d6700000, 0x00000000d6800000, 0x00000000d6800000|100%| E|CS|TAMS 0x00000000d6700000, 0x00000000d6700000| Complete 
| 272|0x00000000d6800000, 0x00000000d6900000, 0x00000000d6900000|100%| E|CS|TAMS 0x00000000d6800000, 0x00000000d6800000| Complete 
| 273|0x00000000d6900000, 0x00000000d6a00000, 0x00000000d6a00000|100%| E|CS|TAMS 0x00000000d6900000, 0x00000000d6900000| Complete 
| 274|0x00000000d6a00000, 0x00000000d6b00000, 0x00000000d6b00000|100%| E|CS|TAMS 0x00000000d6a00000, 0x00000000d6a00000| Complete 
| 275|0x00000000d6b00000, 0x00000000d6c00000, 0x00000000d6c00000|100%| E|CS|TAMS 0x00000000d6b00000, 0x00000000d6b00000| Complete 
| 276|0x00000000d6c00000, 0x00000000d6d00000, 0x00000000d6d00000|100%| E|CS|TAMS 0x00000000d6c00000, 0x00000000d6c00000| Complete 
| 277|0x00000000d6d00000, 0x00000000d6e00000, 0x00000000d6e00000|100%| E|CS|TAMS 0x00000000d6d00000, 0x00000000d6d00000| Complete 
| 278|0x00000000d6e00000, 0x00000000d6f00000, 0x00000000d6f00000|100%| E|CS|TAMS 0x00000000d6e00000, 0x00000000d6e00000| Complete 
| 279|0x00000000d6f00000, 0x00000000d7000000, 0x00000000d7000000|100%| E|CS|TAMS 0x00000000d6f00000, 0x00000000d6f00000| Complete 
| 280|0x00000000d7000000, 0x00000000d7100000, 0x00000000d7100000|100%| E|CS|TAMS 0x00000000d7000000, 0x00000000d7000000| Complete 
| 281|0x00000000d7100000, 0x00000000d7200000, 0x00000000d7200000|100%| E|CS|TAMS 0x00000000d7100000, 0x00000000d7100000| Complete 
| 282|0x00000000d7200000, 0x00000000d7300000, 0x00000000d7300000|100%| E|CS|TAMS 0x00000000d7200000, 0x00000000d7200000| Complete 
| 283|0x00000000d7300000, 0x00000000d7400000, 0x00000000d7400000|100%| E|CS|TAMS 0x00000000d7300000, 0x00000000d7300000| Complete 
| 284|0x00000000d7400000, 0x00000000d7500000, 0x00000000d7500000|100%| E|CS|TAMS 0x00000000d7400000, 0x00000000d7400000| Complete 
| 285|0x00000000d7500000, 0x00000000d7600000, 0x00000000d7600000|100%| E|CS|TAMS 0x00000000d7500000, 0x00000000d7500000| Complete 
| 286|0x00000000d7600000, 0x00000000d7700000, 0x00000000d7700000|100%| E|CS|TAMS 0x00000000d7600000, 0x00000000d7600000| Complete 
| 287|0x00000000d7700000, 0x00000000d7800000, 0x00000000d7800000|100%| E|CS|TAMS 0x00000000d7700000, 0x00000000d7700000| Complete 
| 288|0x00000000d7800000, 0x00000000d7900000, 0x00000000d7900000|100%| E|CS|TAMS 0x00000000d7800000, 0x00000000d7800000| Complete 
| 289|0x00000000d7900000, 0x00000000d7a00000, 0x00000000d7a00000|100%| E|CS|TAMS 0x00000000d7900000, 0x00000000d7900000| Complete 
| 290|0x00000000d7a00000, 0x00000000d7b00000, 0x00000000d7b00000|100%| E|CS|TAMS 0x00000000d7a00000, 0x00000000d7a00000| Complete 
| 291|0x00000000d7b00000, 0x00000000d7c00000, 0x00000000d7c00000|100%| E|CS|TAMS 0x00000000d7b00000, 0x00000000d7b00000| Complete 
| 292|0x00000000d7c00000, 0x00000000d7d00000, 0x00000000d7d00000|100%| E|CS|TAMS 0x00000000d7c00000, 0x00000000d7c00000| Complete 
| 293|0x00000000d7d00000, 0x00000000d7e00000, 0x00000000d7e00000|100%| E|CS|TAMS 0x00000000d7d00000, 0x00000000d7d00000| Complete 
| 294|0x00000000d7e00000, 0x00000000d7f00000, 0x00000000d7f00000|100%| E|CS|TAMS 0x00000000d7e00000, 0x00000000d7e00000| Complete 
| 295|0x00000000d7f00000, 0x00000000d8000000, 0x00000000d8000000|100%| E|CS|TAMS 0x00000000d7f00000, 0x00000000d7f00000| Complete 
| 296|0x00000000d8000000, 0x00000000d8100000, 0x00000000d8100000|100%| E|CS|TAMS 0x00000000d8000000, 0x00000000d8000000| Complete 
| 297|0x00000000d8100000, 0x00000000d8200000, 0x00000000d8200000|100%| E|CS|TAMS 0x00000000d8100000, 0x00000000d8100000| Complete 
| 298|0x00000000d8200000, 0x00000000d8300000, 0x00000000d8300000|100%| E|CS|TAMS 0x00000000d8200000, 0x00000000d8200000| Complete 
| 299|0x00000000d8300000, 0x00000000d8400000, 0x00000000d8400000|100%| E|CS|TAMS 0x00000000d8300000, 0x00000000d8300000| Complete 
| 300|0x00000000d8400000, 0x00000000d8500000, 0x00000000d8500000|100%| E|CS|TAMS 0x00000000d8400000, 0x00000000d8400000| Complete 
| 301|0x00000000d8500000, 0x00000000d8600000, 0x00000000d8600000|100%| E|CS|TAMS 0x00000000d8500000, 0x00000000d8500000| Complete 
| 302|0x00000000d8600000, 0x00000000d8700000, 0x00000000d8700000|100%| E|CS|TAMS 0x00000000d8600000, 0x00000000d8600000| Complete 
| 303|0x00000000d8700000, 0x00000000d8800000, 0x00000000d8800000|100%| E|CS|TAMS 0x00000000d8700000, 0x00000000d8700000| Complete 
| 304|0x00000000d8800000, 0x00000000d8900000, 0x00000000d8900000|100%| E|CS|TAMS 0x00000000d8800000, 0x00000000d8800000| Complete 
| 305|0x00000000d8900000, 0x00000000d8a00000, 0x00000000d8a00000|100%| E|CS|TAMS 0x00000000d8900000, 0x00000000d8900000| Complete 
| 306|0x00000000d8a00000, 0x00000000d8b00000, 0x00000000d8b00000|100%| E|CS|TAMS 0x00000000d8a00000, 0x00000000d8a00000| Complete 
| 307|0x00000000d8b00000, 0x00000000d8c00000, 0x00000000d8c00000|100%| E|CS|TAMS 0x00000000d8b00000, 0x00000000d8b00000| Complete 
| 308|0x00000000d8c00000, 0x00000000d8d00000, 0x00000000d8d00000|100%| E|CS|TAMS 0x00000000d8c00000, 0x00000000d8c00000| Complete 
| 309|0x00000000d8d00000, 0x00000000d8e00000, 0x00000000d8e00000|100%| E|CS|TAMS 0x00000000d8d00000, 0x00000000d8d00000| Complete 
| 310|0x00000000d8e00000, 0x00000000d8f00000, 0x00000000d8f00000|100%| E|CS|TAMS 0x00000000d8e00000, 0x00000000d8e00000| Complete 
| 311|0x00000000d8f00000, 0x00000000d9000000, 0x00000000d9000000|100%| E|CS|TAMS 0x00000000d8f00000, 0x00000000d8f00000| Complete 
| 312|0x00000000d9000000, 0x00000000d9100000, 0x00000000d9100000|100%| E|CS|TAMS 0x00000000d9000000, 0x00000000d9000000| Complete 
| 313|0x00000000d9100000, 0x00000000d9200000, 0x00000000d9200000|100%| E|CS|TAMS 0x00000000d9100000, 0x00000000d9100000| Complete 
| 314|0x00000000d9200000, 0x00000000d9300000, 0x00000000d9300000|100%| E|CS|TAMS 0x00000000d9200000, 0x00000000d9200000| Complete 
| 315|0x00000000d9300000, 0x00000000d9400000, 0x00000000d9400000|100%| E|CS|TAMS 0x00000000d9300000, 0x00000000d9300000| Complete 
| 316|0x00000000d9400000, 0x00000000d9500000, 0x00000000d9500000|100%| E|CS|TAMS 0x00000000d9400000, 0x00000000d9400000| Complete 
| 317|0x00000000d9500000, 0x00000000d9600000, 0x00000000d9600000|100%| E|CS|TAMS 0x00000000d9500000, 0x00000000d9500000| Complete 
| 318|0x00000000d9600000, 0x00000000d9700000, 0x00000000d9700000|100%| E|CS|TAMS 0x00000000d9600000, 0x00000000d9600000| Complete 

Card table byte_map: [0x0000019958480000,0x0000019958660000] _byte_map_base: 0x0000019957e54000

Marking Bits (Prev, Next): (CMBitMap*) 0x000001993f9fe120, (CMBitMap*) 0x000001993f9fe0e0
 Prev Bits: [0x00000199596e0000, 0x000001995a580000)
 Next Bits: [0x0000019958840000, 0x00000199596e0000)

Polling page: 0x000001993f760000

Metaspace:

Usage:
  Non-class:     84.18 MB used.
      Class:     13.48 MB used.
       Both:     97.66 MB used.

Virtual space:
  Non-class space:      128.00 MB reserved,      84.56 MB ( 66%) committed,  2 nodes.
      Class space:        1.00 GB reserved,      13.81 MB (  1%) committed,  1 nodes.
             Both:        1.12 GB reserved,      98.38 MB (  9%) committed. 

Chunk freelists:
   Non-Class:  11.48 MB
       Class:  2.04 MB
        Both:  13.53 MB

MaxMetaspaceSize: unlimited
CompressedClassSpaceSize: 1.00 GB
Initial GC threshold: 21.00 MB
Current GC threshold: 138.12 MB
CDS: on
MetaspaceReclaimPolicy: balanced
 - commit_granule_bytes: 65536.
 - commit_granule_words: 8192.
 - virtual_space_node_default_size: 8388608.
 - enlarge_chunks_in_place: 1.
 - new_chunks_are_fully_committed: 0.
 - uncommit_free_chunks: 1.
 - use_allocation_guard: 0.
 - handle_deallocations: 1.


Internal statistics:

num_allocs_failed_limit: 9.
num_arena_births: 1084.
num_arena_deaths: 6.
num_vsnodes_births: 3.
num_vsnodes_deaths: 0.
num_space_committed: 1574.
num_space_uncommitted: 0.
num_chunks_returned_to_freelist: 18.
num_chunks_taken_from_freelist: 4820.
num_chunk_merges: 9.
num_chunk_splits: 3433.
num_chunks_enlarged: 2658.
num_inconsistent_stats: 0.

CodeHeap 'non-profiled nmethods': size=120000Kb used=6311Kb max_used=6311Kb free=113688Kb
 bounds [0x0000019950300000, 0x0000019950930000, 0x0000019957830000]
CodeHeap 'profiled nmethods': size=120000Kb used=19751Kb max_used=19751Kb free=100248Kb
 bounds [0x0000019948830000, 0x0000019949b80000, 0x000001994fd60000]
CodeHeap 'non-nmethods': size=5760Kb used=1412Kb max_used=1458Kb free=4347Kb
 bounds [0x000001994fd60000, 0x000001994ffd0000, 0x0000019950300000]
 total_blobs=11300 nmethods=10562 adapters=649
 compilation: enabled
              stopped_count=0, restarted_count=0
 full_count=0

Compilation events (20 events):
Event: 2983.748 Thread 0x000001995cfc2740 12398       3       com.zaxxer.hikari.util.ConcurrentBag::reserve (10 bytes)
Event: 2983.752 Thread 0x000001995cfc2740 nmethod 12398 0x0000019949b76a10 code [0x0000019949b76bc0, 0x0000019949b76dc8]
Event: 2984.338 Thread 0x000001995cfc2740 12399       3       sun.nio.ch.Net::getSocketOption (130 bytes)
Event: 2984.352 Thread 0x000001995cfc2740 nmethod 12399 0x0000019949b76f10 code [0x0000019949b771a0, 0x0000019949b77cc8]
Event: 2985.876 Thread 0x000001995cfb9fd0 12400       4       jdk.internal.org.objectweb.asm.MethodWriter::<init> (232 bytes)
Event: 2985.949 Thread 0x000001995cfb9fd0 nmethod 12400 0x0000019950927810 code [0x0000019950927a60, 0x0000019950929110]
Event: 2985.949 Thread 0x000001995cfb9fd0 12401       4       jdk.internal.org.objectweb.asm.MethodWriter::visitMaxs (60 bytes)
Event: 2985.951 Thread 0x000001995cfb9fd0 nmethod 12401 0x0000019950929b90 code [0x0000019950929d20, 0x0000019950929e08]
Event: 2986.106 Thread 0x000001995cfc2740 12402       3       java.lang.invoke.StringConcatFactory::prepender (48 bytes)
Event: 2986.108 Thread 0x000001995cfc2740 nmethod 12402 0x0000019949b78090 code [0x0000019949b78280, 0x0000019949b789c8]
Event: 2986.108 Thread 0x000001995cfc2740 12403       3       java.lang.invoke.StringConcatFactory::mixer (16 bytes)
Event: 2986.109 Thread 0x000001995cfc2740 nmethod 12403 0x0000019949b78b10 code [0x0000019949b78cc0, 0x0000019949b78f68]
Event: 2986.115 Thread 0x000001995cfc2740 12404       3       java.util.concurrent.locks.LockSupport::park (23 bytes)
Event: 2986.116 Thread 0x000001995cfc2740 nmethod 12404 0x0000019949b79010 code [0x0000019949b791c0, 0x0000019949b79388]
Event: 2986.116 Thread 0x000001995cfc2740 12405       3       java.lang.invoke.StringConcatFactory::stringifierFor (34 bytes)
Event: 2986.117 Thread 0x000001995cfc2740 nmethod 12405 0x0000019949b79490 code [0x0000019949b79660, 0x0000019949b79928]
Event: 2986.117 Thread 0x000001995cfc2740 12406       3       org.apache.juli.logging.DirectJDKLog::isDebugEnabled (11 bytes)
Event: 2986.119 Thread 0x000001995cfc2740 nmethod 12406 0x0000019949b79a10 code [0x0000019949b79bc0, 0x0000019949b79e78]
Event: 2986.119 Thread 0x000001995cfc2740 12407  s    3       org.apache.catalina.util.LifecycleBase::setStateInternal (144 bytes)
Event: 2986.121 Thread 0x000001995cfb9fd0 12408   !   4       org.springframework.util.ConcurrentReferenceHashMap$Segment::clear (69 bytes)

GC Heap History (20 events):
Event: 275.654 GC heap before
{Heap before GC invocations=31 (full 0):
 garbage-first heap   total 326656K, used 251976K [0x00000000c5800000, 0x0000000100000000)
  region size 1024K, 191 young (195584K), 4 survivors (4096K)
 Metaspace       used 91232K, committed 91840K, reserved 1179648K
  class space    used 12678K, committed 12992K, reserved 1048576K
}
Event: 278.407 GC heap after
{Heap after GC invocations=32 (full 0):
 garbage-first heap   total 326656K, used 65111K [0x00000000c5800000, 0x0000000100000000)
  region size 1024K, 9 young (9216K), 9 survivors (9216K)
 Metaspace       used 91232K, committed 91840K, reserved 1179648K
  class space    used 12678K, committed 12992K, reserved 1048576K
}
Event: 334.638 GC heap before
{Heap before GC invocations=32 (full 0):
 garbage-first heap   total 326656K, used 71255K [0x00000000c5800000, 0x0000000100000000)
  region size 1024K, 15 young (15360K), 9 survivors (9216K)
 Metaspace       used 91245K, committed 91840K, reserved 1179648K
  class space    used 12678K, committed 12992K, reserved 1048576K
}
Event: 334.891 GC heap after
{Heap after GC invocations=33 (full 0):
 garbage-first heap   total 326656K, used 64985K [0x00000000c5800000, 0x0000000100000000)
  region size 1024K, 2 young (2048K), 2 survivors (2048K)
 Metaspace       used 91245K, committed 91840K, reserved 1179648K
  class space    used 12678K, committed 12992K, reserved 1048576K
}
Event: 449.277 GC heap before
{Heap before GC invocations=33 (full 0):
 garbage-first heap   total 326656K, used 78297K [0x00000000c5800000, 0x0000000100000000)
  region size 1024K, 15 young (15360K), 2 survivors (2048K)
 Metaspace       used 91322K, committed 91968K, reserved 1179648K
  class space    used 12683K, committed 12992K, reserved 1048576K
}
Event: 449.459 GC heap after
{Heap after GC invocations=34 (full 0):
 garbage-first heap   total 326656K, used 64057K [0x00000000c5800000, 0x0000000100000000)
  region size 1024K, 1 young (1024K), 1 survivors (1024K)
 Metaspace       used 91322K, committed 91968K, reserved 1179648K
  class space    used 12683K, committed 12992K, reserved 1048576K
}
Event: 579.692 GC heap before
{Heap before GC invocations=34 (full 0):
 garbage-first heap   total 326656K, used 78393K [0x00000000c5800000, 0x0000000100000000)
  region size 1024K, 15 young (15360K), 1 survivors (1024K)
 Metaspace       used 91336K, committed 91968K, reserved 1179648K
  class space    used 12683K, committed 12992K, reserved 1048576K
}
Event: 579.774 GC heap after
{Heap after GC invocations=35 (full 0):
 garbage-first heap   total 326656K, used 63912K [0x00000000c5800000, 0x0000000100000000)
  region size 1024K, 1 young (1024K), 1 survivors (1024K)
 Metaspace       used 91336K, committed 91968K, reserved 1179648K
  class space    used 12683K, committed 12992K, reserved 1048576K
}
Event: 699.502 GC heap before
{Heap before GC invocations=35 (full 0):
 garbage-first heap   total 326656K, used 78248K [0x00000000c5800000, 0x0000000100000000)
  region size 1024K, 15 young (15360K), 1 survivors (1024K)
 Metaspace       used 91396K, committed 92032K, reserved 1179648K
  class space    used 12684K, committed 12992K, reserved 1048576K
}
Event: 699.557 GC heap after
{Heap after GC invocations=36 (full 0):
 garbage-first heap   total 326656K, used 64006K [0x00000000c5800000, 0x0000000100000000)
  region size 1024K, 1 young (1024K), 1 survivors (1024K)
 Metaspace       used 91396K, committed 92032K, reserved 1179648K
  class space    used 12684K, committed 12992K, reserved 1048576K
}
Event: 817.356 GC heap before
{Heap before GC invocations=36 (full 0):
 garbage-first heap   total 326656K, used 78342K [0x00000000c5800000, 0x0000000100000000)
  region size 1024K, 15 young (15360K), 1 survivors (1024K)
 Metaspace       used 91437K, committed 92096K, reserved 1179648K
  class space    used 12685K, committed 12992K, reserved 1048576K
}
Event: 817.497 GC heap after
{Heap after GC invocations=37 (full 0):
 garbage-first heap   total 326656K, used 64168K [0x00000000c5800000, 0x0000000100000000)
  region size 1024K, 1 young (1024K), 1 survivors (1024K)
 Metaspace       used 91437K, committed 92096K, reserved 1179648K
  class space    used 12685K, committed 12992K, reserved 1048576K
}
Event: 947.532 GC heap before
{Heap before GC invocations=37 (full 0):
 garbage-first heap   total 326656K, used 79528K [0x00000000c5800000, 0x0000000100000000)
  region size 1024K, 16 young (16384K), 1 survivors (1024K)
 Metaspace       used 91467K, committed 92096K, reserved 1179648K
  class space    used 12686K, committed 12992K, reserved 1048576K
}
Event: 947.605 GC heap after
{Heap after GC invocations=38 (full 0):
 garbage-first heap   total 326656K, used 64217K [0x00000000c5800000, 0x0000000100000000)
  region size 1024K, 1 young (1024K), 1 survivors (1024K)
 Metaspace       used 91467K, committed 92096K, reserved 1179648K
  class space    used 12686K, committed 12992K, reserved 1048576K
}
Event: 1179.648 GC heap before
{Heap before GC invocations=38 (full 0):
 garbage-first heap   total 326656K, used 121561K [0x00000000c5800000, 0x0000000100000000)
  region size 1024K, 58 young (59392K), 1 survivors (1024K)
 Metaspace       used 98763K, committed 99392K, reserved 1179648K
  class space    used 13761K, committed 14080K, reserved 1048576K
}
Event: 1179.837 GC heap after
{Heap after GC invocations=39 (full 0):
 garbage-first heap   total 326656K, used 66809K [0x00000000c5800000, 0x0000000100000000)
  region size 1024K, 4 young (4096K), 4 survivors (4096K)
 Metaspace       used 98763K, committed 99392K, reserved 1179648K
  class space    used 13761K, committed 14080K, reserved 1048576K
}
Event: 1335.142 GC heap before
{Heap before GC invocations=39 (full 0):
 garbage-first heap   total 326656K, used 85241K [0x00000000c5800000, 0x0000000100000000)
  region size 1024K, 22 young (22528K), 4 survivors (4096K)
 Metaspace       used 98867K, committed 99520K, reserved 1179648K
  class space    used 13766K, committed 14080K, reserved 1048576K
}
Event: 1335.300 GC heap after
{Heap after GC invocations=40 (full 0):
 garbage-first heap   total 326656K, used 66979K [0x00000000c5800000, 0x0000000100000000)
  region size 1024K, 1 young (1024K), 1 survivors (1024K)
 Metaspace       used 98867K, committed 99520K, reserved 1179648K
  class space    used 13766K, committed 14080K, reserved 1048576K
}
Event: 2368.286 GC heap before
{Heap before GC invocations=40 (full 0):
 garbage-first heap   total 326656K, used 191907K [0x00000000c5800000, 0x0000000100000000)
  region size 1024K, 123 young (125952K), 1 survivors (1024K)
 Metaspace       used 99464K, committed 100160K, reserved 1179648K
  class space    used 13773K, committed 14080K, reserved 1048576K
}
Event: 2368.391 GC heap after
{Heap after GC invocations=41 (full 0):
 garbage-first heap   total 326656K, used 67372K [0x00000000c5800000, 0x0000000100000000)
  region size 1024K, 1 young (1024K), 1 survivors (1024K)
 Metaspace       used 99464K, committed 100160K, reserved 1179648K
  class space    used 13773K, committed 14080K, reserved 1048576K
}

Deoptimization events (20 events):
Event: 2982.343 Thread 0x000001995d333160 Uncommon trap: trap_request=0xffffff45 fr.pc=0x00000199508a4450 relative=0x0000000000000c90
Event: 2982.343 Thread 0x000001995d333160 Uncommon trap: reason=unstable_if action=reinterpret pc=0x00000199508a4450 method=java.util.concurrent.locks.AbstractQueuedSynchronizer.acquire(Ljava/util/concurrent/locks/AbstractQueuedSynchronizer$Node;IZZZJ)I @ 103 c2
Event: 2982.343 Thread 0x000001995d333160 DEOPT PACKING pc=0x00000199508a4450 sp=0x00000002a40fea40
Event: 2982.344 Thread 0x000001995d333160 DEOPT UNPACKING pc=0x000001994fdb5ba3 sp=0x00000002a40fea20 mode 2
Event: 2983.176 Thread 0x00000199a35af590 Uncommon trap: trap_request=0xffffff45 fr.pc=0x00000199505248c8 relative=0x0000000000000048
Event: 2983.176 Thread 0x00000199a35af590 Uncommon trap: reason=unstable_if action=reinterpret pc=0x00000199505248c8 method=java.lang.Thread.interrupted()Z @ 10 c2
Event: 2983.176 Thread 0x00000199a35af590 DEOPT PACKING pc=0x00000199505248c8 sp=0x00000002a26ff150
Event: 2983.176 Thread 0x00000199a35af590 DEOPT UNPACKING pc=0x000001994fdb5ba3 sp=0x00000002a26ff0e0 mode 2
Event: 2983.751 Thread 0x00000199a35af080 Uncommon trap: trap_request=0xffffff45 fr.pc=0x000001995091dd18 relative=0x0000000000000b98
Event: 2983.751 Thread 0x00000199a35af080 Uncommon trap: reason=unstable_if action=reinterpret pc=0x000001995091dd18 method=java.lang.Thread.interrupted()Z @ 10 c2
Event: 2983.751 Thread 0x00000199a35af080 DEOPT PACKING pc=0x000001995091dd18 sp=0x00000002a4aff400
Event: 2983.751 Thread 0x00000199a35af080 DEOPT UNPACKING pc=0x000001994fdb5ba3 sp=0x00000002a4aff318 mode 2
Event: 2985.860 Thread 0x000001995d333670 Uncommon trap: trap_request=0xffffff5c fr.pc=0x0000019950920e18 relative=0x0000000000000478
Event: 2985.860 Thread 0x000001995d333670 Uncommon trap: reason=speculate_null_check action=make_not_entrant pc=0x0000019950920e18 method=java.util.concurrent.locks.AbstractQueuedSynchronizer.enqueue(Ljava/util/concurrent/locks/AbstractQueuedSynchronizer$Node;)V @ 15 c2
Event: 2985.860 Thread 0x000001995d333670 DEOPT PACKING pc=0x0000019950920e18 sp=0x00000002a25ff190
Event: 2985.860 Thread 0x000001995d333670 DEOPT UNPACKING pc=0x000001994fdb5ba3 sp=0x00000002a25ff0f8 mode 2
Event: 2986.115 Thread 0x00000199a35b1e10 Uncommon trap: trap_request=0xffffff45 fr.pc=0x00000199508675b8 relative=0x0000000000000038
Event: 2986.116 Thread 0x00000199a35b1e10 Uncommon trap: reason=unstable_if action=reinterpret pc=0x00000199508675b8 method=java.util.concurrent.ThreadPoolExecutor.runStateAtLeast(II)Z @ 2 c2
Event: 2986.116 Thread 0x00000199a35b1e10 DEOPT PACKING pc=0x00000199508675b8 sp=0x00000002a42fede0
Event: 2986.116 Thread 0x00000199a35b1e10 DEOPT UNPACKING pc=0x000001994fdb5ba3 sp=0x00000002a42fed78 mode 2

Classes unloaded (3 events):
Event: 111.793 Thread 0x000001995cf9b300 Unloading class 0x000001995fbb8000 'jdk/internal/reflect/GeneratedSerializationConstructorAccessor3'
Event: 111.794 Thread 0x000001995cf9b300 Unloading class 0x000001995fbb1000 'jdk/internal/reflect/GeneratedSerializationConstructorAccessor2'
Event: 111.794 Thread 0x000001995cf9b300 Unloading class 0x000001995fbb0c00 'jdk/internal/reflect/GeneratedSerializationConstructorAccessor1'

Classes redefined (0 events):
No events

Internal exceptions (20 events):
Event: 2372.527 Thread 0x000001995d3345a0 Exception <a 'java/io/FileNotFoundException'{0x00000000d94498b8}> (0x00000000d94498b8) 
thrown [s\open\src\hotspot\share\prims\jni.cpp, line 516]
Event: 2375.739 Thread 0x000001995d3345a0 Exception <a 'java/io/FileNotFoundException'{0x00000000d93bc570}> (0x00000000d93bc570) 
thrown [s\open\src\hotspot\share\prims\jni.cpp, line 516]
Event: 2378.162 Thread 0x000001995d3345a0 Exception <a 'java/io/FileNotFoundException'{0x00000000d92db068}> (0x00000000d92db068) 
thrown [s\open\src\hotspot\share\prims\jni.cpp, line 516]
Event: 2379.622 Thread 0x000001995d3345a0 Exception <a 'java/io/FileNotFoundException'{0x00000000d91758c8}> (0x00000000d91758c8) 
thrown [s\open\src\hotspot\share\prims\jni.cpp, line 516]
Event: 2381.220 Thread 0x000001995d3345a0 Exception <a 'java/io/FileNotFoundException'{0x00000000d9010308}> (0x00000000d9010308) 
thrown [s\open\src\hotspot\share\prims\jni.cpp, line 516]
Event: 2382.587 Thread 0x000001995d3345a0 Exception <a 'java/io/FileNotFoundException'{0x00000000d8f2ab98}> (0x00000000d8f2ab98) 
thrown [s\open\src\hotspot\share\prims\jni.cpp, line 516]
Event: 2383.880 Thread 0x000001995d3345a0 Exception <a 'java/io/FileNotFoundException'{0x00000000d8fc4ff8}> (0x00000000d8fc4ff8) 
thrown [s\open\src\hotspot\share\prims\jni.cpp, line 516]
Event: 2385.203 Thread 0x000001995d3345a0 Exception <a 'java/io/FileNotFoundException'{0x00000000d8e5f980}> (0x00000000d8e5f980) 
thrown [s\open\src\hotspot\share\prims\jni.cpp, line 516]
Event: 2910.686 Thread 0x000001995d3308e0 Exception <a 'sun/net/ConnectionResetException'{0x00000000d9484bc8}: Connection reset> (0x00000000d9484bc8) 
thrown [s\open\src\hotspot\share\prims\jni.cpp, line 535]
Event: 2910.686 Thread 0x000001995d332740 Exception <a 'sun/net/ConnectionResetException'{0x00000000d9343030}: Connection reset> (0x00000000d9343030) 
thrown [s\open\src\hotspot\share\prims\jni.cpp, line 535]
Event: 2910.686 Thread 0x00000199a35b09d0 Exception <a 'sun/net/ConnectionResetException'{0x00000000d9516840}: Connection reset> (0x00000000d9516840) 
thrown [s\open\src\hotspot\share\prims\jni.cpp, line 535]
Event: 2910.686 Thread 0x000001995d331d20 Exception <a 'sun/net/ConnectionResetException'{0x00000000d9361c78}: Connection reset> (0x00000000d9361c78) 
thrown [s\open\src\hotspot\share\prims\jni.cpp, line 535]
Event: 2910.686 Thread 0x000001995d332230 Exception <a 'sun/net/ConnectionResetException'{0x00000000d561e8d0}: Connection reset> (0x00000000d561e8d0) 
thrown [s\open\src\hotspot\share\prims\jni.cpp, line 535]
Event: 2964.776 Thread 0x000001995d333160 Exception <a 'java/io/FileNotFoundException'{0x00000000d4cee430}> (0x00000000d4cee430) 
thrown [s\open\src\hotspot\share\prims\jni.cpp, line 516]
Event: 2980.421 Thread 0x00000199a35b0ee0 Implicit null exception at 0x0000019950732438 to 0x0000019950735ea4
Event: 2980.846 Thread 0x00000199a35b0ee0 Implicit null exception at 0x0000019950523d95 to 0x0000019950524268
Event: 2982.229 Thread 0x000001995d333160 Exception <a 'java/lang/NoSuchMethodError'{0x00000000d488c738}: 'java.lang.Object java.lang.invoke.DirectMethodHandle$Holder.newInvokeSpecial(java.lang.Object, java.lang.Object, java.lang.Object, java.lang.Object, int)'> (0x00000000d488c738) 
thrown [s\open\src\hotspot\share\interpreter\linkResolver.cpp, line 759]
Event: 2982.235 Thread 0x000001995d333160 Exception <a 'java/lang/NoSuchMethodError'{0x00000000d4890688}: 'java.lang.Object java.lang.invoke.DirectMethodHandle$Holder.invokeSpecial(java.lang.Object, java.lang.Object, java.lang.Object, java.lang.Object, java.lang.Object, int)'> (0x00000000d4890688) 
thrown [s\open\src\hotspot\share\interpreter\linkResolver.cpp, line 759]
Event: 2982.238 Thread 0x000001995d333160 Exception <a 'java/lang/NoSuchMethodError'{0x00000000d4893e80}: 'java.lang.Object java.lang.invoke.Invokers$Holder.linkToTargetMethod(java.lang.Object, java.lang.Object, java.lang.Object, int, java.lang.Object)'> (0x00000000d4893e80) 
thrown [s\open\src\hotspot\share\interpreter\linkResolver.cpp, line 759]
Event: 2986.117 Thread 0x00000199a35b1900 Exception <a 'java/lang/InterruptedException'{0x00000000d4600150}: sleep interrupted> (0x00000000d4600150) 
thrown [s\open\src\hotspot\share\prims\jvm.cpp, line 3064]

VM Operations (20 events):
Event: 2959.649 Executing VM operation: Cleanup done
Event: 2960.171 Executing VM operation: HandshakeAllThreads
Event: 2960.171 Executing VM operation: HandshakeAllThreads done
Event: 2962.200 Executing VM operation: Cleanup
Event: 2962.200 Executing VM operation: Cleanup done
Event: 2963.213 Executing VM operation: Cleanup
Event: 2963.214 Executing VM operation: Cleanup done
Event: 2965.224 Executing VM operation: Cleanup
Event: 2965.224 Executing VM operation: Cleanup done
Event: 2967.239 Executing VM operation: Cleanup
Event: 2967.240 Executing VM operation: Cleanup done
Event: 2981.367 Executing VM operation: Cleanup
Event: 2981.387 Executing VM operation: Cleanup done
Event: 2982.395 Executing VM operation: Cleanup
Event: 2982.396 Executing VM operation: Cleanup done
Event: 2983.404 Executing VM operation: Cleanup
Event: 2983.421 Executing VM operation: Cleanup done
Event: 2984.424 Executing VM operation: Cleanup
Event: 2984.425 Executing VM operation: Cleanup done
Event: 2986.121 Executing VM operation: G1CollectFull

Events (20 events):
Event: 2982.354 loading class java/util/concurrent/locks/AbstractQueuedSynchronizer$SharedNode done
Event: 2983.134 Thread 0x000001995d333670 Thread exited: 0x000001995d333670
Event: 2983.139 Thread 0x000001995d333b80 Thread exited: 0x000001995d333b80
Event: 2983.163 Thread 0x000001995d334ab0 Thread exited: 0x000001995d334ab0
Event: 2983.181 Thread 0x000001995d332230 Thread exited: 0x000001995d332230
Event: 2983.182 Thread 0x00000199a35afaa0 Thread exited: 0x00000199a35afaa0
Event: 2983.183 Thread 0x00000199a35b13f0 Thread exited: 0x00000199a35b13f0
Event: 2983.184 Thread 0x000001995d331d20 Thread exited: 0x000001995d331d20
Event: 2983.186 Thread 0x00000199a35b09d0 Thread exited: 0x00000199a35b09d0
Event: 2983.188 Thread 0x000001995d3308e0 Thread exited: 0x000001995d3308e0
Event: 2983.188 Thread 0x000001995d334090 Thread exited: 0x000001995d334090
Event: 2983.188 Thread 0x00000199a35af590 Thread exited: 0x00000199a35af590
Event: 2983.189 Thread 0x000001995d332740 Thread exited: 0x000001995d332740
Event: 2983.190 Thread 0x000001995d330df0 Thread exited: 0x000001995d330df0
Event: 2983.746 Thread 0x000001995d333670 Thread added: 0x000001995d333670
Event: 2983.753 Thread 0x00000199a35af080 Thread exited: 0x00000199a35af080
Event: 2985.861 Thread 0x000001995d333670 Thread exited: 0x000001995d333670
Event: 2986.116 Thread 0x00000199a35affb0 Thread exited: 0x00000199a35affb0
Event: 2986.116 Thread 0x00000199a35b1e10 Thread exited: 0x00000199a35b1e10
Event: 2986.117 Thread 0x00000199a35b1900 Thread exited: 0x00000199a35b1900


Dynamic libraries:
0x00007ff657c30000 - 0x00007ff657c40000 	C:\Program Files\Java\jdk-17\bin\java.exe
0x00007ffaf7c60000 - 0x00007ffaf7ec7000 	C:\WINDOWS\SYSTEM32\ntdll.dll
0x00007ffaf5cf0000 - 0x00007ffaf5db9000 	C:\WINDOWS\System32\KERNEL32.DLL
0x00007ffaf4ce0000 - 0x00007ffaf50d1000 	C:\WINDOWS\System32\KERNELBASE.dll
0x00007ffaf4600000 - 0x00007ffaf474b000 	C:\WINDOWS\System32\ucrtbase.dll
0x00007ffaf1510000 - 0x00007ffaf1529000 	C:\Program Files\Java\jdk-17\bin\jli.dll
0x00007ffaf1480000 - 0x00007ffaf149b000 	C:\Program Files\Java\jdk-17\bin\VCRUNTIME140.dll
0x00007ffaf5dc0000 - 0x00007ffaf5e7b000 	C:\WINDOWS\System32\ADVAPI32.dll
0x00007ffaf6b10000 - 0x00007ffaf6bb9000 	C:\WINDOWS\System32\msvcrt.dll
0x00007ffaf6bc0000 - 0x00007ffaf6c67000 	C:\WINDOWS\System32\sechost.dll
0x00007ffaf7b00000 - 0x00007ffaf7c18000 	C:\WINDOWS\System32\RPCRT4.dll
0x00007ffaf7930000 - 0x00007ffaf7af5000 	C:\WINDOWS\System32\USER32.dll
0x00007ffaf4af0000 - 0x00007ffaf4b17000 	C:\WINDOWS\System32\win32u.dll
0x00007ffaf5c60000 - 0x00007ffaf5c8b000 	C:\WINDOWS\System32\GDI32.dll
0x00007ffad88b0000 - 0x00007ffad8b43000 	C:\WINDOWS\WinSxS\amd64_microsoft.windows.common-controls_6595b64144ccf1df_6.0.26100.8037_none_3e092faae333b53b\COMCTL32.dll
0x00007ffaf4b20000 - 0x00007ffaf4c4b000 	C:\WINDOWS\System32\gdi32full.dll
0x00007ffaf5950000 - 0x00007ffaf59f3000 	C:\WINDOWS\System32\msvcp_win.dll
0x00007ffae2db0000 - 0x00007ffae2dbb000 	C:\WINDOWS\SYSTEM32\VERSION.dll
0x00007ffaf5cb0000 - 0x00007ffaf5ce1000 	C:\WINDOWS\System32\IMM32.DLL
0x00007ffaf14f0000 - 0x00007ffaf14fc000 	C:\Program Files\Java\jdk-17\bin\vcruntime140_1.dll
0x00007ffaaa780000 - 0x00007ffaaa80e000 	C:\Program Files\Java\jdk-17\bin\msvcp140.dll
0x00007ffa7d760000 - 0x00007ffa7e340000 	C:\Program Files\Java\jdk-17\bin\server\jvm.dll
0x00007ffaf6800000 - 0x00007ffaf6808000 	C:\WINDOWS\System32\PSAPI.DLL
0x00007ffaea240000 - 0x00007ffaea275000 	C:\WINDOWS\SYSTEM32\WINMM.dll
0x00007ffad1030000 - 0x00007ffad103a000 	C:\WINDOWS\SYSTEM32\WSOCK32.dll
0x00007ffaf6fc0000 - 0x00007ffaf7034000 	C:\WINDOWS\System32\ws2_32.DLL
0x00007ffaf32d0000 - 0x00007ffaf32eb000 	C:\WINDOWS\SYSTEM32\kernel.appcore.dll
0x00007ffaf1470000 - 0x00007ffaf147a000 	C:\Program Files\Java\jdk-17\bin\jimage.dll
0x00007ffaf2380000 - 0x00007ffaf25c2000 	C:\WINDOWS\SYSTEM32\DBGHELP.DLL
0x00007ffaf70e0000 - 0x00007ffaf7462000 	C:\WINDOWS\System32\combase.dll
0x00007ffaf6810000 - 0x00007ffaf68e7000 	C:\WINDOWS\System32\OLEAUT32.dll
0x00007ffad6c00000 - 0x00007ffad6c3b000 	C:\WINDOWS\SYSTEM32\dbgcore.DLL
0x00007ffaf4a40000 - 0x00007ffaf4ae5000 	C:\WINDOWS\System32\bcryptPrimitives.dll
0x00007ffaf1460000 - 0x00007ffaf146e000 	C:\Program Files\Java\jdk-17\bin\instrument.dll
0x00007ffac90e0000 - 0x00007ffac9105000 	C:\Program Files\Java\jdk-17\bin\java.dll
0x00007ffaaa6a0000 - 0x00007ffaaa777000 	C:\Program Files\Java\jdk-17\bin\jsvml.dll
0x00007ffaf5ed0000 - 0x00007ffaf662f000 	C:\WINDOWS\System32\SHELL32.dll
0x00007ffaf48d0000 - 0x00007ffaf4a3a000 	C:\WINDOWS\System32\wintypes.dll
0x00007ffaf50e0000 - 0x00007ffaf5944000 	C:\WINDOWS\System32\windows.storage.dll
0x00007ffaf6640000 - 0x00007ffaf6737000 	C:\WINDOWS\System32\SHCORE.dll
0x00007ffaf6dd0000 - 0x00007ffaf6e37000 	C:\WINDOWS\System32\shlwapi.dll
0x00007ffaf4460000 - 0x00007ffaf4489000 	C:\WINDOWS\SYSTEM32\profapi.dll
0x00007ffad1080000 - 0x00007ffad1098000 	C:\Program Files\Java\jdk-17\bin\zip.dll
0x00007ffae40e0000 - 0x00007ffae40f9000 	C:\Program Files\Java\jdk-17\bin\net.dll
0x00007ffae5570000 - 0x00007ffae5697000 	C:\WINDOWS\SYSTEM32\WINHTTP.dll
0x00007ffaf3840000 - 0x00007ffaf38ab000 	C:\WINDOWS\system32\mswsock.dll
0x00007ffad5b90000 - 0x00007ffad5ba6000 	C:\Program Files\Java\jdk-17\bin\nio.dll
0x00007ffae56a0000 - 0x00007ffae56aa000 	C:\Program Files\Java\jdk-17\bin\management.dll
0x00007ffae3750000 - 0x00007ffae375b000 	C:\Program Files\Java\jdk-17\bin\management_ext.dll
0x00007ffaf1450000 - 0x00007ffaf145e000 	C:\Program Files\Java\jdk-17\bin\sunmscapi.dll
0x00007ffaf4750000 - 0x00007ffaf48c7000 	C:\WINDOWS\System32\CRYPT32.dll
0x00007ffaf3d40000 - 0x00007ffaf3d70000 	C:\WINDOWS\SYSTEM32\ncrypt.dll
0x00007ffaf3cf0000 - 0x00007ffaf3d2f000 	C:\WINDOWS\SYSTEM32\NTASN1.dll
0x00007ffaf3b20000 - 0x00007ffaf3b3b000 	C:\WINDOWS\SYSTEM32\CRYPTSP.dll
0x00007ffaf3230000 - 0x00007ffaf3269000 	C:\WINDOWS\system32\rsaenh.dll
0x00007ffaf38f0000 - 0x00007ffaf3922000 	C:\WINDOWS\SYSTEM32\USERENV.dll
0x00007ffaf4430000 - 0x00007ffaf445a000 	C:\WINDOWS\SYSTEM32\bcrypt.dll
0x00007ffaf3b40000 - 0x00007ffaf3b4c000 	C:\WINDOWS\SYSTEM32\CRYPTBASE.dll
0x00007ffaf2d50000 - 0x00007ffaf2d83000 	C:\WINDOWS\SYSTEM32\IPHLPAPI.DLL
0x00007ffaf5bf0000 - 0x00007ffaf5bfa000 	C:\WINDOWS\System32\NSI.dll
0x00007ffaebbe0000 - 0x00007ffaebbfd000 	C:\WINDOWS\SYSTEM32\dhcpcsvc6.DLL
0x00007ffaebb50000 - 0x00007ffaebb73000 	C:\WINDOWS\SYSTEM32\dhcpcsvc.DLL
0x00007ffaf2d90000 - 0x00007ffaf2eba000 	C:\WINDOWS\SYSTEM32\DNSAPI.dll
0x00007ffae44e0000 - 0x00007ffae44eb000 	C:\Windows\System32\rasadhlp.dll
0x00007ffaec380000 - 0x00007ffaec406000 	C:\WINDOWS\System32\fwpuclnt.dll
0x00007ffad1040000 - 0x00007ffad1050000 	C:\Program Files\Java\jdk-17\bin\verify.dll
0x00007ffabad40000 - 0x00007ffabad48000 	C:\WINDOWS\system32\wshunix.dll

dbghelp: loaded successfully - version: 4.0.5 - missing functions: none
symbol engine: initialized successfully - sym options: 0x614 - pdb path: .;C:\Program Files\Java\jdk-17\bin;C:\WINDOWS\SYSTEM32;C:\WINDOWS\WinSxS\amd64_microsoft.windows.common-controls_6595b64144ccf1df_6.0.26100.8037_none_3e092faae333b53b;C:\Program Files\Java\jdk-17\bin\server

VM Arguments:
jvm_args: -javaagent:C:\Program Files\JetBrains\IntelliJ IDEA 2025.3.4\lib\idea_rt.jar=58689 -Dfile.encoding=UTF-8 
java_command: dev.muthukumar.ai_crm.AiCrmApplication
java_class_path (initial): D:\Full Stack\mca-projects\office-crm\Office CRM Project\ai-crm\target\classes;C:\Users\MUTHUKUMAR\.m2\repository\org\springframework\boot\spring-boot-starter-data-jpa\4.0.1\spring-boot-starter-data-jpa-4.0.1.jar;C:\Users\MUTHUKUMAR\.m2\repository\org\springframework\boot\spring-boot-starter\4.0.1\spring-boot-starter-4.0.1.jar;C:\Users\MUTHUKUMAR\.m2\repository\org\springframework\boot\spring-boot-starter-logging\4.0.1\spring-boot-starter-logging-4.0.1.jar;C:\Users\MUTHUKUMAR\.m2\repository\ch\qos\logback\logback-classic\1.5.22\logback-classic-1.5.22.jar;C:\Users\MUTHUKUMAR\.m2\repository\ch\qos\logback\logback-core\1.5.22\logback-core-1.5.22.jar;C:\Users\MUTHUKUMAR\.m2\repository\org\apache\logging\log4j\log4j-to-slf4j\2.25.3\log4j-to-slf4j-2.25.3.jar;C:\Users\MUTHUKUMAR\.m2\repository\org\apache\logging\log4j\log4j-api\2.25.3\log4j-api-2.25.3.jar;C:\Users\MUTHUKUMAR\.m2\repository\org\slf4j\jul-to-slf4j\2.0.17\jul-to-slf4j-2.0.17.jar;C:\Users\MUTHUKUMAR\.m2\repository\jakarta\annotation\jakarta.annotation-api\3.0.0\jakarta.annotation-api-3.0.0.jar;C:\Users\MUTHUKUMAR\.m2\repository\org\yaml\snakeyaml\2.5\snakeyaml-2.5.jar;C:\Users\MUTHUKUMAR\.m2\repository\org\springframework\boot\spring-boot-starter-jdbc\4.0.1\spring-boot-starter-jdbc-4.0.1.jar;C:\Users\MUTHUKUMAR\.m2\repository\com\zaxxer\HikariCP\7.0.2\HikariCP-7.0.2.jar;C:\Users\MUTHUKUMAR\.m2\repository\org\slf4j\slf4j-api\2.0.17\slf4j-api-2.0.17.jar;C:\Users\MUTHUKUMAR\.m2\repository\org\springframework\boot\spring-boot-data-jpa\4.0.1\spring-boot-data-jpa-4.0.1.jar;C:\Users\MUTHUKUMAR\.m2\repository\org\springframework\boot\spring-boot-data-commons\4.0.1\spring-boot-data-commons-4.0.1.jar;C:\Users\MUTHUKUMAR\.m2\repository\org\springframework\boot\spring-boot-persistence\4.0.1\spring-boot-persistence-4.0.1.jar;C:\Users\MUTHUKUMAR\.m2\repository\org\springframework\data\spring-data-commons\4.0.1\spring-data-commons-4.0.1.jar;C:\Users\MUTHUKUMAR\.m2\repository\org\springframework\b
Launcher Type: SUN_STANDARD

[Global flags]
     intx CICompilerCount                          = 4                                         {product} {ergonomic}
     uint ConcGCThreads                            = 2                                         {product} {ergonomic}
     uint G1ConcRefinementThreads                  = 8                                         {product} {ergonomic}
   size_t G1HeapRegionSize                         = 1048576                                   {product} {ergonomic}
    uintx GCDrainStackTargetSize                   = 64                                        {product} {ergonomic}
   size_t InitialHeapSize                          = 62914560                                  {product} {ergonomic}
   size_t MarkStackSize                            = 4194304                                   {product} {ergonomic}
   size_t MaxHeapSize                              = 981467136                                 {product} {ergonomic}
   size_t MaxNewSize                               = 588251136                                 {product} {ergonomic}
   size_t MinHeapDeltaBytes                        = 1048576                                   {product} {ergonomic}
   size_t MinHeapSize                              = 8388608                                   {product} {ergonomic}
    uintx NonNMethodCodeHeapSize                   = 5839372                                {pd product} {ergonomic}
    uintx NonProfiledCodeHeapSize                  = 122909434                              {pd product} {ergonomic}
    uintx ProfiledCodeHeapSize                     = 122909434                              {pd product} {ergonomic}
    uintx ReservedCodeCacheSize                    = 251658240                              {pd product} {ergonomic}
     bool SegmentedCodeCache                       = true                                      {product} {ergonomic}
   size_t SoftMaxHeapSize                          = 981467136                              {manageable} {ergonomic}
     bool UseCompressedClassPointers               = true                           {product lp64_product} {ergonomic}
     bool UseCompressedOops                        = true                           {product lp64_product} {ergonomic}
     bool UseG1GC                                  = true                                      {product} {ergonomic}
     bool UseLargePagesIndividualAllocation        = false                                  {pd product} {ergonomic}

Logging:
Log output configuration:
 #0: stdout all=warning uptime,level,tags
 #1: stderr all=off uptime,level,tags

Environment Variables:
PATH=C:\Program Files\Common Files\Oracle\Java\javapath;D:\oracle\product\10.2.0\db_1\bin;C:\WINDOWS\system32;C:\WINDOWS;C:\WINDOWS\System32\Wbem;C:\WINDOWS\System32\WindowsPowerShell\v1.0\;C:\WINDOWS\System32\OpenSSH\;C:\ProgramData\chocolatey\bin;C:\composer;C:\Program Files\Git\cmd;C:\Program Files\Microsoft\Web Platform Installer\;D:\nvm;C:\Program Files\nodejs;C:\flutter\bin;D:\xampp_alt2\php;C:\Program Files (x86)\Microsoft ASP.NET\ASP.NET Web Pages\v1.0\;C:\Program Files\Microsoft SQL Server\110\Tools\Binn\;C:\Program Files\nodejs\;C:\Program Files\PuTTY\;C:\Users\MUTHUKUMAR\AppData\Local\Programs\Python\Python312\Scripts\;C:\Users\MUTHUKUMAR\AppData\Local\Programs\Python\Python312\;C:\Users\MUTHUKUMAR\AppData\Local\Programs\Python\Launcher\;C:\Program Files\MySQL\MySQL Shell 8.0\bin\;C:\Users\MUTHUKUMAR\AppData\Local\Microsoft\WindowsApps;C:\Users\MUTHUKUMAR\AppData\Local\Programs\Microsoft VS Code\bin;C:\Users\MUTHUKUMAR\AppData\Roaming\Composer\vendor\bin;C:\Program Files\MongoDB\Server\7.0\bin;C:\Program Files\JetBrains\PyCharm 2023.2.1\bin;;D:\nvm;C:\Program Files\nodejs;C:\flutter\bin;C:\Users\MUTHUKUMAR\AppData\Local\Microsoft\WindowsApps;C:\Users\MUTHUKUMAR\AppData\Roaming\npm;C:\Program Files\PostgreSQL\18\bin;C:\Program Files\JetBrains\IntelliJ IDEA 2025.3.4\bin
USERNAME=MUTHUKUMAR
OS=Windows_NT
PROCESSOR_IDENTIFIER=Intel64 Family 6 Model 140 Stepping 2, GenuineIntel



---------------  S Y S T E M  ---------------

OS:
 Windows 11 , 64 bit Build 26100 (10.0.26100.7920)
OS uptime: 0 days 10:44 hours
Hyper-V role detected

CPU: total 8 (initial active 8) (4 cores per cpu, 2 threads per core) family 6 model 140 stepping 2 microcode 0x34, cx8, cmov, fxsr, ht, mmx, 3dnowpref, sse, sse2, sse3, ssse3, sse4.1, sse4.2, popcnt, lzcnt, tsc, tscinvbit, avx, avx2, aes, erms, clmul, bmi1, bmi2, adx, avx512f, avx512dq, avx512cd, avx512bw, avx512vl, sha, fma, vzeroupper, avx512_vpopcntdq, avx512_vpclmulqdq, avx512_vaes, avx512_vnni, clflush, clflushopt, clwb, avx512_vbmi2, avx512_vbmi, hv

Memory: 4k page, system-wide physical 3738M (190M free)
TotalPageFile size 15002M (AvailPageFile size 0M)
current process WorkingSet (physical memory assigned to process): 84M, peak: 400M
current process commit charge ("private bytes"): 601M, peak: 620M

vm_info: Java HotSpot(TM) 64-Bit Server VM (17.0.12+8-LTS-286) for windows-amd64 JRE (17.0.12+8-LTS-286), built on Jun  5 2024 06:46:59 by "mach5one" with MS VC++ 17.6 (VS2022)

END.
